{"meta": {"format": 3, "version": "7.11.3", "timestamp": "2025-11-12T15:38:12.008036", "branch_coverage": false, "show_contexts": false}, "files": {"app/models/__init__.py": {"executed_lines": [1, 3, 4, 5, 6, 9, 10, 11, 12, 13, 14, 15, 16, 18], "summary": {"covered_lines": 13, "num_statements": 13, "percent_covered": 100.0, "percent_covered_display": "100", "missing_lines": 0, "excluded_lines": 0}, "missing_lines": [], "excluded_lines": [], "functions": {"": {"executed_lines": [1, 3, 4, 5, 6, 9, 10, 11, 12, 13, 14, 15, 16, 18], "summary": {"covered_lines": 13, "num_statements": 13, "percent_covered": 100.0, "percent_covered_display": "100", "missing_lines": 0, "excluded_lines": 0}, "missing_lines": [], "excluded_lines": []}}, "classes": {"": {"executed_lines": [1, 3, 4, 5, 6, 9, 10, 11, 12, 13, 14, 15, 16, 18], "summary": {"covered_lines": 13, "num_statements": 13, "percent_covered": 100.0, "percent_covered_display": "100", "missing_lines": 0, "excluded_lines": 0}, "missing_lines": [], "excluded_lines": []}}}, "app/models/base.py": {"executed_lines": [1, 3, 4, 5, 6, 7, 8, 11, 12, 14, 17, 18, 27, 30, 36, 43, 50, 56], "summary": {"covered_lines": 15, "num_statements": 15, "percent_covered": 100.0, "percent_covered_display": "100", "missing_lines": 0, "excluded_lines": 0}, "missing_lines": [], "excluded_lines": [], "functions": {"": {"executed_lines": [1, 3, 4, 5, 6, 7, 8, 11, 12, 14, 17, 18, 27, 30, 36, 43, 50, 56], "summary": {"covered_lines": 15, "num_statements": 15, "percent_covered": 100.0, "percent_covered_display": "100", "missing_lines": 0, "excluded_lines": 0}, "missing_lines": [], "excluded_lines": []}}, "classes": {"Base": {"executed_lines": [], "summary": {"covered_lines": 0, "num_statements": 0, "percent_covered": 100.0, "percent_covered_display": "100", "missing_lines": 0, "excluded_lines": 0}, "missing_lines": [], "excluded_lines": []}, "BaseModel": {"executed_lines": [], "summary": {"covered_lines": 0, "num_statements": 0, "percent_covered": 100.0, "percent_covered_display": "100", "missing_lines": 0, "excluded_lines": 0}, "missing_lines": [], "excluded_lines": []}, "": {"executed_lines": [1, 3, 4, 5, 6, 7, 8, 11, 12, 14, 17, 18, 27, 30, 36, 43, 50, 56], "summary": {"covered_lines": 15, "num_statements": 15, "percent_covered": 100.0, "percent_covered_display": "100", "missing_lines": 0, "excluded_lines": 0}, "missing_lines": [], "excluded_lines": []}}}, "app/models/blueprint.py": {"executed_lines": [1, 8, 9, 10, 12, 15, 16, 23, 24, 38, 43, 50, 57, 64, 72, 80, 88, 89], "summary": {"covered_lines": 16, "num_statements": 16, "percent_covered": 100.0, "percent_covered_display": "100", "missing_lines": 0, "excluded_lines": 0}, "missing_lines": [], "excluded_lines": [], "functions": {"": {"executed_lines": [1, 8, 9, 10, 12, 15, 16, 23, 24, 38, 43, 50, 57, 64, 72, 80, 88, 89], "summary": {"covered_lines": 16, "num_statements": 16, "percent_covered": 100.0, "percent_covered_display": "100", "missing_lines": 0, "excluded_lines": 0}, "missing_lines": [], "excluded_lines": []}}, "classes": {"Blueprint": {"executed_lines": [], "summary": {"covered_lines": 0, "num_statements": 0, "percent_covered": 100.0, "percent_covered_display": "100", "missing_lines": 0, "excluded_lines": 0}, "missing_lines": [], "excluded_lines": []}, "": {"executed_lines": [1, 8, 9, 10, 12, 15, 16, 23, 24, 38, 43, 50, 57, 64, 72, 80, 88, 89], "summary": {"covered_lines": 16, "num_statements": 16, "percent_covered": 100.0, "percent_covered_display": "100", "missing_lines": 0, "excluded_lines": 0}, "missing_lines": [], "excluded_lines": []}}}, "app/models/composed_prompt.py": {"executed_lines": [1, 8, 9, 10, 12, 15, 16, 23, 24, 35, 41, 49, 56, 63, 68, 75, 80, 87, 93, 100, 107, 115, 116], "summary": {"covered_lines": 21, "num_statements": 21, "percent_covered": 100.0, "percent_covered_display": "100", "missing_lines": 0, "excluded_lines": 0}, "missing_lines": [], "excluded_lines": [], "functions": {"": {"executed_lines": [1, 8, 9, 10, 12, 15, 16, 23, 24, 35, 41, 49, 56, 63, 68, 75, 80, 87, 93, 100, 107, 115, 116], "summary": {"covered_lines": 21, "num_statements": 21, "percent_covered": 100.0, "percent_covered_display": "100", "missing_lines": 0, "excluded_lines": 0}, "missing_lines": [], "excluded_lines": []}}, "classes": {"ComposedPrompt": {"executed_lines": [], "summary": {"covered_lines": 0, "num_statements": 0, "percent_covered": 100.0, "percent_covered_display": "100", "missing_lines": 0, "excluded_lines": 0}, "missing_lines": [], "excluded_lines": []}, "": {"executed_lines": [1, 8, 9, 10, 12, 15, 16, 23, 24, 35, 41, 49, 56, 63, 68, 75, 80, 87, 93, 100, 107, 115, 116], "summary": {"covered_lines": 21, "num_statements": 21, "percent_covered": 100.0, "percent_covered_display": "100", "missing_lines": 0, "excluded_lines": 0}, "missing_lines": [], "excluded_lines": []}}}, "app/models/lyrics.py": {"executed_lines": [1, 7, 8, 9, 11, 14, 15, 22, 23, 41, 49, 54, 61, 67, 72, 79, 84, 89, 96, 101, 109, 114, 121, 127, 133, 141, 149, 156, 164], "summary": {"covered_lines": 27, "num_statements": 27, "percent_covered": 100.0, "percent_covered_display": "100", "missing_lines": 0, "excluded_lines": 0}, "missing_lines": [], "excluded_lines": [], "functions": {"": {"executed_lines": [1, 7, 8, 9, 11, 14, 15, 22, 23, 41, 49, 54, 61, 67, 72, 79, 84, 89, 96, 101, 109, 114, 121, 127, 133, 141, 149, 156, 164], "summary": {"covered_lines": 27, "num_statements": 27, "percent_covered": 100.0, "percent_covered_display": "100", "missing_lines": 0, "excluded_lines": 0}, "missing_lines": [], "excluded_lines": []}}, "classes": {"Lyrics": {"executed_lines": [], "summary": {"covered_lines": 0, "num_statements": 0, "percent_covered": 100.0, "percent_covered_display": "100", "missing_lines": 0, "excluded_lines": 0}, "missing_lines": [], "excluded_lines": []}, "": {"executed_lines": [1, 7, 8, 9, 11, 14, 15, 22, 23, 41, 49, 54, 61, 67, 72, 79, 84, 89, 96, 101, 109, 114, 121, 127, 133, 141, 149, 156, 164], "summary": {"covered_lines": 27, "num_statements": 27, "percent_covered": 100.0, "percent_covered_display": "100", "missing_lines": 0, "excluded_lines": 0}, "missing_lines": [], "excluded_lines": []}}}, "app/models/persona.py": {"executed_lines": [1, 8, 9, 10, 12, 15, 16, 23, 24, 38, 43, 49, 56, 61, 66, 74, 82, 87, 94, 102, 110], "summary": {"covered_lines": 19, "num_statements": 19, "percent_covered": 100.0, "percent_covered_display": "100", "missing_lines": 0, "excluded_lines": 0}, "missing_lines": [], "excluded_lines": [], "functions": {"": {"executed_lines": [1, 8, 9, 10, 12, 15, 16, 23, 24, 38, 43, 49, 56, 61, 66, 74, 82, 87, 94, 102, 110], "summary": {"covered_lines": 19, "num_statements": 19, "percent_covered": 100.0, "percent_covered_display": "100", "missing_lines": 0, "excluded_lines": 0}, "missing_lines": [], "excluded_lines": []}}, "classes": {"Persona": {"executed_lines": [], "summary": {"covered_lines": 0, "num_statements": 0, "percent_covered": 100.0, "percent_covered_display": "100", "missing_lines": 0, "excluded_lines": 0}, "missing_lines": [], "excluded_lines": []}, "": {"executed_lines": [1, 8, 9, 10, 12, 15, 16, 23, 24, 38, 43, 49, 56, 61, 66, 74, 82, 87, 94, 102, 110], "summary": {"covered_lines": 19, "num_statements": 19, "percent_covered": 100.0, "percent_covered_display": "100", "missing_lines": 0, "excluded_lines": 0}, "missing_lines": [], "excluded_lines": []}}}, "app/models/producer_notes.py": {"executed_lines": [1, 7, 8, 9, 11, 14, 15, 22, 23, 33, 41, 46, 53, 60, 66, 74, 82, 90, 97, 105], "summary": {"covered_lines": 18, "num_statements": 18, "percent_covered": 100.0, "percent_covered_display": "100", "missing_lines": 0, "excluded_lines": 0}, "missing_lines": [], "excluded_lines": [], "functions": {"": {"executed_lines": [1, 7, 8, 9, 11, 14, 15, 22, 23, 33, 41, 46, 53, 60, 66, 74, 82, 90, 97, 105], "summary": {"covered_lines": 18, "num_statements": 18, "percent_covered": 100.0, "percent_covered_display": "100", "missing_lines": 0, "excluded_lines": 0}, "missing_lines": [], "excluded_lines": []}}, "classes": {"ProducerNotes": {"executed_lines": [], "summary": {"covered_lines": 0, "num_statements": 0, "percent_covered": 100.0, "percent_covered_display": "100", "missing_lines": 0, "excluded_lines": 0}, "missing_lines": [], "excluded_lines": []}, "": {"executed_lines": [1, 7, 8, 9, 11, 14, 15, 22, 23, 33, 41, 46, 53, 60, 66, 74, 82, 90, 97, 105], "summary": {"covered_lines": 18, "num_statements": 18, "percent_covered": 100.0, "percent_covered_display": "100", "missing_lines": 0, "excluded_lines": 0}, "missing_lines": [], "excluded_lines": []}}}, "app/models/song.py": {"executed_lines": [1, 7, 8, 9, 11, 14, 15, 22, 23, 35, 42, 50, 57, 63, 69, 77, 85, 93, 100, 108, 109, 110, 111, 117, 123, 129, 137, 138, 144, 145, 158, 166, 174, 180, 187, 195, 203, 210, 218, 225, 233], "summary": {"covered_lines": 38, "num_statements": 38, "percent_covered": 100.0, "percent_covered_display": "100", "missing_lines": 0, "excluded_lines": 0}, "missing_lines": [], "excluded_lines": [], "functions": {"": {"executed_lines": [1, 7, 8, 9, 11, 14, 15, 22, 23, 35, 42, 50, 57, 63, 69, 77, 85, 93, 100, 108, 109, 110, 111, 117, 123, 129, 137, 138, 144, 145, 158, 166, 174, 180, 187, 195, 203, 210, 218, 225, 233], "summary": {"covered_lines": 38, "num_statements": 38, "percent_covered": 100.0, "percent_covered_display": "100", "missing_lines": 0, "excluded_lines": 0}, "missing_lines": [], "excluded_lines": []}}, "classes": {"Song": {"executed_lines": [], "summary": {"covered_lines": 0, "num_statements": 0, "percent_covered": 100.0, "percent_covered_display": "100", "missing_lines": 0, "excluded_lines": 0}, "missing_lines": [], "excluded_lines": []}, "WorkflowRun": {"executed_lines": [], "summary": {"covered_lines": 0, "num_statements": 0, "percent_covered": 100.0, "percent_covered_display": "100", "missing_lines": 0, "excluded_lines": 0}, "missing_lines": [], "excluded_lines": []}, "": {"executed_lines": [1, 7, 8, 9, 11, 14, 15, 22, 23, 35, 42, 50, 57, 63, 69, 77, 85, 93, 100, 108, 109, 110, 111, 117, 123, 129, 137, 138, 144, 145, 158, 166, 174, 180, 187, 195, 203, 210, 218, 225, 233], "summary": {"covered_lines": 38, "num_statements": 38, "percent_covered": 100.0, "percent_covered_display": "100", "missing_lines": 0, "excluded_lines": 0}, "missing_lines": [], "excluded_lines": []}}}, "app/models/source.py": {"executed_lines": [1, 8, 9, 10, 12, 15, 16, 23, 24, 43, 50, 57, 65, 71, 77, 85, 93, 101, 108, 114, 121], "summary": {"covered_lines": 19, "num_statements": 19, "percent_covered": 100.0, "percent_covered_display": "100", "missing_lines": 0, "excluded_lines": 0}, "missing_lines": [], "excluded_lines": [], "functions": {"": {"executed_lines": [1, 8, 9, 10, 12, 15, 16, 23, 24, 43, 50, 57, 65, 71, 77, 85, 93, 101, 108, 114, 121], "summary": {"covered_lines": 19, "num_statements": 19, "percent_covered": 100.0, "percent_covered_display": "100", "missing_lines": 0, "excluded_lines": 0}, "missing_lines": [], "excluded_lines": []}}, "classes": {"Source": {"executed_lines": [], "summary": {"covered_lines": 0, "num_statements": 0, "percent_covered": 100.0, "percent_covered_display": "100", "missing_lines": 0, "excluded_lines": 0}, "missing_lines": [], "excluded_lines": []}, "": {"executed_lines": [1, 8, 9, 10, 12, 15, 16, 23, 24, 43, 50, 57, 65, 71, 77, 85, 93, 101, 108, 114, 121], "summary": {"covered_lines": 19, "num_statements": 19, "percent_covered": 100.0, "percent_covered_display": "100", "missing_lines": 0, "excluded_lines": 0}, "missing_lines": [], "excluded_lines": []}}}, "app/models/style.py": {"executed_lines": [1, 7, 8, 9, 11, 14, 15, 22, 23, 38, 45, 50, 58, 63, 68, 73, 81, 87, 94, 102, 110, 116, 124, 132, 140, 141], "summary": {"covered_lines": 24, "num_statements": 24, "percent_covered": 100.0, "percent_covered_display": "100", "missing_lines": 0, "excluded_lines": 0}, "missing_lines": [], "excluded_lines": [], "functions": {"": {"executed_lines": [1, 7, 8, 9, 11, 14, 15, 22, 23, 38, 45, 50, 58, 63, 68, 73, 81, 87, 94, 102, 110, 116, 124, 132, 140, 141], "summary": {"covered_lines": 24, "num_statements": 24, "percent_covered": 100.0, "percent_covered_display": "100", "missing_lines": 0, "excluded_lines": 0}, "missing_lines": [], "excluded_lines": []}}, "classes": {"Style": {"executed_lines": [], "summary": {"covered_lines": 0, "num_statements": 0, "percent_covered": 100.0, "percent_covered_display": "100", "missing_lines": 0, "excluded_lines": 0}, "missing_lines": [], "excluded_lines": []}, "": {"executed_lines": [1, 7, 8, 9, 11, 14, 15, 22, 23, 38, 45, 50, 58, 63, 68, 73, 81, 87, 94, 102, 110, 116, 124, 132, 140, 141], "summary": {"covered_lines": 24, "num_statements": 24, "percent_covered": 100.0, "percent_covered_display": "100", "missing_lines": 0, "excluded_lines": 0}, "missing_lines": [], "excluded_lines": []}}}, "app/models/tenant.py": {"executed_lines": [1, 7, 9, 10, 11, 12, 13, 15, 17, 21, 22, 24, 27, 28, 29, 32, 35, 36, 39, 42, 48, 53, 57, 61, 62, 70], "summary": {"covered_lines": 23, "num_statements": 27, "percent_covered": 85.18518518518519, "percent_covered_display": "85", "missing_lines": 4, "excluded_lines": 2}, "missing_lines": [59, 64, 65, 66], "excluded_lines": [17, 18], "functions": {"Tenant.__repr__": {"executed_lines": [], "summary": {"covered_lines": 0, "num_statements": 1, "percent_covered": 0.0, "percent_covered_display": "0", "missing_lines": 1, "excluded_lines": 0}, "missing_lines": [59], "excluded_lines": []}, "Tenant.is_trial_expired": {"executed_lines": [], "summary": {"covered_lines": 0, "num_statements": 3, "percent_covered": 0.0, "percent_covered_display": "0", "missing_lines": 3, "excluded_lines": 0}, "missing_lines": [64, 65, 66], "excluded_lines": []}, "": {"executed_lines": [1, 7, 9, 10, 11, 12, 13, 15, 17, 21, 22, 24, 27, 28, 29, 32, 35, 36, 39, 42, 48, 53, 57, 61, 62, 70], "summary": {"covered_lines": 23, "num_statements": 23, "percent_covered": 100.0, "percent_covered_display": "100", "missing_lines": 0, "excluded_lines": 2}, "missing_lines": [], "excluded_lines": [17, 18]}}, "classes": {"Tenant": {"executed_lines": [], "summary": {"covered_lines": 0, "num_statements": 4, "percent_covered": 0.0, "percent_covered_display": "0", "missing_lines": 4, "excluded_lines": 0}, "missing_lines": [59, 64, 65, 66], "excluded_lines": []}, "": {"executed_lines": [1, 7, 9, 10, 11, 12, 13, 15, 17, 21, 22, 24, 27, 28, 29, 32, 35, 36, 39, 42, 48, 53, 57, 61, 62, 70], "summary": {"covered_lines": 23, "num_statements": 23, "percent_covered": 100.0, "percent_covered_display": "100", "missing_lines": 0, "excluded_lines": 2}, "missing_lines": [], "excluded_lines": [17, 18]}}}, "app/models/user.py": {"executed_lines": [1, 8, 10, 11, 12, 13, 14, 15, 17, 19, 24, 25, 27, 30, 35, 38, 39, 40, 41, 44, 45, 48, 51, 57, 62, 63, 67, 71, 72, 78, 79, 85], "summary": {"covered_lines": 29, "num_statements": 34, "percent_covered": 85.29411764705883, "percent_covered_display": "85", "missing_lines": 5, "excluded_lines": 3}, "missing_lines": [69, 74, 75, 76, 81], "excluded_lines": [19, 20, 21], "functions": {"User.__repr__": {"executed_lines": [], "summary": {"covered_lines": 0, "num_statements": 1, "percent_covered": 0.0, "percent_covered_display": "0", "missing_lines": 1, "excluded_lines": 0}, "missing_lines": [69], "excluded_lines": []}, "User.full_name": {"executed_lines": [], "summary": {"covered_lines": 0, "num_statements": 3, "percent_covered": 0.0, "percent_covered_display": "0", "missing_lines": 3, "excluded_lines": 0}, "missing_lines": [74, 75, 76], "excluded_lines": []}, "User.display_name": {"executed_lines": [], "summary": {"covered_lines": 0, "num_statements": 1, "percent_covered": 0.0, "percent_covered_display": "0", "missing_lines": 1, "excluded_lines": 0}, "missing_lines": [81], "excluded_lines": []}, "": {"executed_lines": [1, 8, 10, 11, 12, 13, 14, 15, 17, 19, 24, 25, 27, 30, 35, 38, 39, 40, 41, 44, 45, 48, 51, 57, 62, 63, 67, 71, 72, 78, 79, 85], "summary": {"covered_lines": 29, "num_statements": 29, "percent_covered": 100.0, "percent_covered_display": "100", "missing_lines": 0, "excluded_lines": 3}, "missing_lines": [], "excluded_lines": [19, 20, 21]}}, "classes": {"User": {"executed_lines": [], "summary": {"covered_lines": 0, "num_statements": 5, "percent_covered": 0.0, "percent_covered_display": "0", "missing_lines": 5, "excluded_lines": 0}, "missing_lines": [69, 74, 75, 76, 81], "excluded_lines": []}, "": {"executed_lines": [1, 8, 10, 11, 12, 13, 14, 15, 17, 19, 24, 25, 27, 30, 35, 38, 39, 40, 41, 44, 45, 48, 51, 57, 62, 63, 67, 71, 72, 78, 79, 85], "summary": {"covered_lines": 29, "num_statements": 29, "percent_covered": 100.0, "percent_covered_display": "100", "missing_lines": 0, "excluded_lines": 3}, "missing_lines": [], "excluded_lines": [19, 20, 21]}}}, "app/models/user_preference.py": {"executed_lines": [1, 7, 9, 10, 11, 12, 13, 14, 15, 17, 19, 23, 24, 26, 29, 37, 42, 45, 53, 55, 59, 63, 71], "summary": {"covered_lines": 20, "num_statements": 25, "percent_covered": 80.0, "percent_covered_display": "80", "missing_lines": 5, "excluded_lines": 2}, "missing_lines": [57, 61, 65, 66, 67], "excluded_lines": [19, 20], "functions": {"UserPreference.__repr__": {"executed_lines": [], "summary": {"covered_lines": 0, "num_statements": 1, "percent_covered": 0.0, "percent_covered_display": "0", "missing_lines": 1, "excluded_lines": 0}, "missing_lines": [57], "excluded_lines": []}, "UserPreference.get_preference": {"executed_lines": [], "summary": {"covered_lines": 0, "num_statements": 1, "percent_covered": 0.0, "percent_covered_display": "0", "missing_lines": 1, "excluded_lines": 0}, "missing_lines": [61], "excluded_lines": []}, "UserPreference.set_preference": {"executed_lines": [], "summary": {"covered_lines": 0, "num_statements": 3, "percent_covered": 0.0, "percent_covered_display": "0", "missing_lines": 3, "excluded_lines": 0}, "missing_lines": [65, 66, 67], "excluded_lines": []}, "": {"executed_lines": [1, 7, 9, 10, 11, 12, 13, 14, 15, 17, 19, 23, 24, 26, 29, 37, 42, 45, 53, 55, 59, 63, 71], "summary": {"covered_lines": 20, "num_statements": 20, "percent_covered": 100.0, "percent_covered_display": "100", "missing_lines": 0, "excluded_lines": 2}, "missing_lines": [], "excluded_lines": [19, 20]}}, "classes": {"UserPreference": {"executed_lines": [], "summary": {"covered_lines": 0, "num_statements": 5, "percent_covered": 0.0, "percent_covered_display": "0", "missing_lines": 5, "excluded_lines": 0}, "missing_lines": [57, 61, 65, 66, 67], "excluded_lines": []}, "": {"executed_lines": [1, 7, 9, 10, 11, 12, 13, 14, 15, 17, 19, 23, 24, 26, 29, 37, 42, 45, 53, 55, 59, 63, 71], "summary": {"covered_lines": 20, "num_statements": 20, "percent_covered": 100.0, "percent_covered_display": "100", "missing_lines": 0, "excluded_lines": 2}, "missing_lines": [], "excluded_lines": [19, 20]}}}, "app/repositories/__init__.py": {"executed_lines": [1, 3, 4, 5, 6, 7, 8, 9, 10, 11, 12, 14], "summary": {"covered_lines": 11, "num_statements": 11, "percent_covered": 100.0, "percent_covered_display": "100", "missing_lines": 0, "excluded_lines": 0}, "missing_lines": [], "excluded_lines": [], "functions": {"": {"executed_lines": [1, 3, 4, 5, 6, 7, 8, 9, 10, 11, 12, 14], "summary": {"covered_lines": 11, "num_statements": 11, "percent_covered": 100.0, "percent_covered_display": "100", "missing_lines": 0, "excluded_lines": 0}, "missing_lines": [], "excluded_lines": []}}, "classes": {"": {"executed_lines": [1, 3, 4, 5, 6, 7, 8, 9, 10, 11, 12, 14], "summary": {"covered_lines": 11, "num_statements": 11, "percent_covered": 100.0, "percent_covered_display": "100", "missing_lines": 0, "excluded_lines": 0}, "missing_lines": [], "excluded_lines": []}}}, "app/repositories/base.py": {"executed_lines": [1, 3, 5, 6, 7, 8, 9, 10, 11, 12, 14, 15, 16, 17, 21, 26, 30, 31, 34, 37, 39, 40, 41, 70, 71, 72, 75, 87, 94, 101, 107, 111, 112, 121, 135, 155, 189, 190, 236, 240, 244, 248, 254, 287, 310, 379, 467, 510, 557, 596, 671, 700], "summary": {"covered_lines": 50, "num_statements": 289, "percent_covered": 17.301038062283737, "percent_covered_display": "17", "missing_lines": 239, "excluded_lines": 0}, "missing_lines": [82, 83, 84, 89, 90, 91, 96, 97, 98, 103, 104, 105, 109, 118, 130, 131, 132, 133, 147, 148, 149, 153, 166, 168, 170, 171, 176, 177, 183, 197, 198, 200, 203, 204, 205, 206, 207, 209, 210, 211, 212, 214, 215, 217, 218, 221, 222, 223, 224, 225, 226, 238, 242, 246, 250, 267, 268, 269, 270, 271, 272, 273, 274, 275, 276, 277, 278, 279, 285, 301, 302, 303, 308, 341, 342, 344, 347, 348, 349, 352, 353, 364, 366, 367, 368, 369, 370, 371, 377, 426, 427, 429, 432, 433, 434, 437, 438, 450, 451, 452, 454, 455, 456, 457, 459, 460, 461, 481, 482, 483, 486, 489, 492, 493, 494, 496, 497, 498, 499, 500, 502, 503, 504, 526, 527, 529, 532, 533, 534, 537, 538, 540, 541, 542, 543, 544, 546, 547, 549, 550, 551, 571, 572, 574, 575, 576, 579, 580, 582, 583, 584, 585, 586, 588, 589, 590, 603, 610, 611, 612, 613, 615, 619, 620, 624, 627, 629, 630, 631, 632, 633, 635, 636, 637, 638, 640, 641, 642, 643, 644, 645, 646, 649, 650, 651, 652, 653, 655, 656, 659, 660, 662, 664, 669, 678, 685, 686, 687, 688, 689, 691, 694, 695, 696, 697, 698, 736, 745, 746, 747, 748, 758, 759, 761, 765, 766, 767, 768, 770, 771, 772, 773, 776, 777, 779, 782, 783, 784, 785, 786, 787, 789, 792, 795, 796, 798, 801, 802, 804], "excluded_lines": [], "functions": {"BaseRepository.with_owner": {"executed_lines": [], "summary": {"covered_lines": 0, "num_statements": 3, "percent_covered": 0.0, "percent_covered_display": "0", "missing_lines": 3, "excluded_lines": 0}, "missing_lines": [82, 83, 84], "excluded_lines": []}, "BaseRepository.with_user_context": {"executed_lines": [], "summary": {"covered_lines": 0, "num_statements": 3, "percent_covered": 0.0, "percent_covered_display": "0", "missing_lines": 3, "excluded_lines": 0}, "missing_lines": [89, 90, 91], "excluded_lines": []}, "BaseRepository.with_tenant_context": {"executed_lines": [], "summary": {"covered_lines": 0, "num_statements": 3, "percent_covered": 0.0, "percent_covered_display": "0", "missing_lines": 3, "excluded_lines": 0}, "missing_lines": [96, 97, 98], "excluded_lines": []}, "BaseRepository.with_dual_context": {"executed_lines": [], "summary": {"covered_lines": 0, "num_statements": 3, "percent_covered": 0.0, "percent_covered_display": "0", "missing_lines": 3, "excluded_lines": 0}, "missing_lines": [103, 104, 105], "excluded_lines": []}, "BaseRepository.with_security_context": {"executed_lines": [], "summary": {"covered_lines": 0, "num_statements": 1, "percent_covered": 0.0, "percent_covered_display": "0", "missing_lines": 1, "excluded_lines": 0}, "missing_lines": [109], "excluded_lines": []}, "BaseRepository.row_guard": {"executed_lines": [], "summary": {"covered_lines": 0, "num_statements": 1, "percent_covered": 0.0, "percent_covered_display": "0", "missing_lines": 1, "excluded_lines": 0}, "missing_lines": [118], "excluded_lines": []}, "BaseRepository.get_unified_guard": {"executed_lines": [], "summary": {"covered_lines": 0, "num_statements": 4, "percent_covered": 0.0, "percent_covered_display": "0", "missing_lines": 4, "excluded_lines": 0}, "missing_lines": [130, 131, 132, 133], "excluded_lines": []}, "BaseRepository.require_unified_guard": {"executed_lines": [], "summary": {"covered_lines": 0, "num_statements": 4, "percent_covered": 0.0, "percent_covered_display": "0", "missing_lines": 4, "excluded_lines": 0}, "missing_lines": [147, 148, 149, 153], "excluded_lines": []}, "BaseRepository._handle_security_error": {"executed_lines": [], "summary": {"covered_lines": 0, "num_statements": 7, "percent_covered": 0.0, "percent_covered_display": "0", "missing_lines": 7, "excluded_lines": 0}, "missing_lines": [166, 168, 170, 171, 176, 177, 183], "excluded_lines": []}, "BaseRepository._transaction_context": {"executed_lines": [], "summary": {"covered_lines": 0, "num_statements": 22, "percent_covered": 0.0, "percent_covered_display": "0", "missing_lines": 22, "excluded_lines": 0}, "missing_lines": [197, 198, 200, 203, 204, 205, 206, 207, 209, 210, 211, 212, 214, 215, 217, 218, 221, 222, 223, 224, 225, 226], "excluded_lines": []}, "BaseRepository.commit": {"executed_lines": [], "summary": {"covered_lines": 0, "num_statements": 1, "percent_covered": 0.0, "percent_covered_display": "0", "missing_lines": 1, "excluded_lines": 0}, "missing_lines": [238], "excluded_lines": []}, "BaseRepository.rollback": {"executed_lines": [], "summary": {"covered_lines": 0, "num_statements": 1, "percent_covered": 0.0, "percent_covered_display": "0", "missing_lines": 1, "excluded_lines": 0}, "missing_lines": [242], "excluded_lines": []}, "BaseRepository.flush": {"executed_lines": [], "summary": {"covered_lines": 0, "num_statements": 1, "percent_covered": 0.0, "percent_covered_display": "0", "missing_lines": 1, "excluded_lines": 0}, "missing_lines": [246], "excluded_lines": []}, "BaseRepository.refresh": {"executed_lines": [], "summary": {"covered_lines": 0, "num_statements": 1, "percent_covered": 0.0, "percent_covered_display": "0", "missing_lines": 1, "excluded_lines": 0}, "missing_lines": [250], "excluded_lines": []}, "BaseRepository.get_by_id": {"executed_lines": [], "summary": {"covered_lines": 0, "num_statements": 14, "percent_covered": 0.0, "percent_covered_display": "0", "missing_lines": 14, "excluded_lines": 0}, "missing_lines": [267, 268, 269, 270, 271, 272, 273, 274, 275, 276, 277, 278, 279, 285], "excluded_lines": []}, "BaseRepository.get_by_id_or_raise": {"executed_lines": [], "summary": {"covered_lines": 0, "num_statements": 4, "percent_covered": 0.0, "percent_covered_display": "0", "missing_lines": 4, "excluded_lines": 0}, "missing_lines": [301, 302, 303, 308], "excluded_lines": []}, "BaseRepository.list_paginated": {"executed_lines": [], "summary": {"covered_lines": 0, "num_statements": 16, "percent_covered": 0.0, "percent_covered_display": "0", "missing_lines": 16, "excluded_lines": 0}, "missing_lines": [341, 342, 344, 347, 348, 349, 352, 353, 364, 366, 367, 368, 369, 370, 371, 377], "excluded_lines": []}, "BaseRepository.list_paginated_with_info": {"executed_lines": [], "summary": {"covered_lines": 0, "num_statements": 18, "percent_covered": 0.0, "percent_covered_display": "0", "missing_lines": 18, "excluded_lines": 0}, "missing_lines": [426, 427, 429, 432, 433, 434, 437, 438, 450, 451, 452, 454, 455, 456, 457, 459, 460, 461], "excluded_lines": []}, "BaseRepository.create": {"executed_lines": [], "summary": {"covered_lines": 0, "num_statements": 16, "percent_covered": 0.0, "percent_covered_display": "0", "missing_lines": 16, "excluded_lines": 0}, "missing_lines": [481, 482, 483, 486, 489, 492, 493, 494, 496, 497, 498, 499, 500, 502, 503, 504], "excluded_lines": []}, "BaseRepository.update": {"executed_lines": [], "summary": {"covered_lines": 0, "num_statements": 18, "percent_covered": 0.0, "percent_covered_display": "0", "missing_lines": 18, "excluded_lines": 0}, "missing_lines": [526, 527, 529, 532, 533, 534, 537, 538, 540, 541, 542, 543, 544, 546, 547, 549, 550, 551], "excluded_lines": []}, "BaseRepository.delete": {"executed_lines": [], "summary": {"covered_lines": 0, "num_statements": 15, "percent_covered": 0.0, "percent_covered_display": "0", "missing_lines": 15, "excluded_lines": 0}, "missing_lines": [571, 572, 574, 575, 576, 579, 580, 582, 583, 584, 585, 586, 588, 589, 590], "excluded_lines": []}, "BaseRepository.encode_cursor": {"executed_lines": [], "summary": {"covered_lines": 0, "num_statements": 38, "percent_covered": 0.0, "percent_covered_display": "0", "missing_lines": 38, "excluded_lines": 0}, "missing_lines": [603, 610, 611, 612, 613, 615, 619, 620, 624, 627, 629, 630, 631, 632, 633, 635, 636, 637, 638, 640, 641, 642, 643, 644, 645, 646, 649, 650, 651, 652, 653, 655, 656, 659, 660, 662, 664, 669], "excluded_lines": []}, "BaseRepository.decode_cursor": {"executed_lines": [], "summary": {"covered_lines": 0, "num_statements": 12, "percent_covered": 0.0, "percent_covered_display": "0", "missing_lines": 12, "excluded_lines": 0}, "missing_lines": [678, 685, 686, 687, 688, 689, 691, 694, 695, 696, 697, 698], "excluded_lines": []}, "BaseRepository.apply_cursor_pagination": {"executed_lines": [], "summary": {"covered_lines": 0, "num_statements": 33, "percent_covered": 0.0, "percent_covered_display": "0", "missing_lines": 33, "excluded_lines": 0}, "missing_lines": [736, 745, 746, 747, 748, 758, 759, 761, 765, 766, 767, 768, 770, 771, 772, 773, 776, 777, 779, 782, 783, 784, 785, 786, 787, 789, 792, 795, 796, 798, 801, 802, 804], "excluded_lines": []}, "": {"executed_lines": [1, 3, 5, 6, 7, 8, 9, 10, 11, 12, 14, 15, 16, 17, 21, 26, 30, 31, 34, 37, 39, 40, 41, 70, 71, 72, 75, 87, 94, 101, 107, 111, 112, 121, 135, 155, 189, 190, 236, 240, 244, 248, 254, 287, 310, 379, 467, 510, 557, 596, 671, 700], "summary": {"covered_lines": 50, "num_statements": 50, "percent_covered": 100.0, "percent_covered_display": "100", "missing_lines": 0, "excluded_lines": 0}, "missing_lines": [], "excluded_lines": []}}, "classes": {"HasId": {"executed_lines": [], "summary": {"covered_lines": 0, "num_statements": 0, "percent_covered": 100.0, "percent_covered_display": "100", "missing_lines": 0, "excluded_lines": 0}, "missing_lines": [], "excluded_lines": []}, "BaseRepository": {"executed_lines": [], "summary": {"covered_lines": 0, "num_statements": 239, "percent_covered": 0.0, "percent_covered_display": "0", "missing_lines": 239, "excluded_lines": 0}, "missing_lines": [82, 83, 84, 89, 90, 91, 96, 97, 98, 103, 104, 105, 109, 118, 130, 131, 132, 133, 147, 148, 149, 153, 166, 168, 170, 171, 176, 177, 183, 197, 198, 200, 203, 204, 205, 206, 207, 209, 210, 211, 212, 214, 215, 217, 218, 221, 222, 223, 224, 225, 226, 238, 242, 246, 250, 267, 268, 269, 270, 271, 272, 273, 274, 275, 276, 277, 278, 279, 285, 301, 302, 303, 308, 341, 342, 344, 347, 348, 349, 352, 353, 364, 366, 367, 368, 369, 370, 371, 377, 426, 427, 429, 432, 433, 434, 437, 438, 450, 451, 452, 454, 455, 456, 457, 459, 460, 461, 481, 482, 483, 486, 489, 492, 493, 494, 496, 497, 498, 499, 500, 502, 503, 504, 526, 527, 529, 532, 533, 534, 537, 538, 540, 541, 542, 543, 544, 546, 547, 549, 550, 551, 571, 572, 574, 575, 576, 579, 580, 582, 583, 584, 585, 586, 588, 589, 590, 603, 610, 611, 612, 613, 615, 619, 620, 624, 627, 629, 630, 631, 632, 633, 635, 636, 637, 638, 640, 641, 642, 643, 644, 645, 646, 649, 650, 651, 652, 653, 655, 656, 659, 660, 662, 664, 669, 678, 685, 686, 687, 688, 689, 691, 694, 695, 696, 697, 698, 736, 745, 746, 747, 748, 758, 759, 761, 765, 766, 767, 768, 770, 771, 772, 773, 776, 777, 779, 782, 783, 784, 785, 786, 787, 789, 792, 795, 796, 798, 801, 802, 804], "excluded_lines": []}, "": {"executed_lines": [1, 3, 5, 6, 7, 8, 9, 10, 11, 12, 14, 15, 16, 17, 21, 26, 30, 31, 34, 37, 39, 40, 41, 70, 71, 72, 75, 87, 94, 101, 107, 111, 112, 121, 135, 155, 189, 190, 236, 240, 244, 248, 254, 287, 310, 379, 467, 510, 557, 596, 671, 700], "summary": {"covered_lines": 50, "num_statements": 50, "percent_covered": 100.0, "percent_covered_display": "100", "missing_lines": 0, "excluded_lines": 0}, "missing_lines": [], "excluded_lines": []}}}, "app/repositories/blueprint_repo.py": {"executed_lines": [1, 3, 5, 6, 7, 9, 11, 12, 15, 16, 17, 23, 48, 67], "summary": {"covered_lines": 12, "num_statements": 29, "percent_covered": 41.37931034482759, "percent_covered_display": "41", "missing_lines": 17, "excluded_lines": 0}, "missing_lines": [36, 42, 43, 44, 46, 56, 61, 62, 63, 65, 80, 86, 87, 92, 93, 94, 96], "excluded_lines": [], "functions": {"BlueprintRepository.get_by_genre": {"executed_lines": [], "summary": {"covered_lines": 0, "num_statements": 5, "percent_covered": 0.0, "percent_covered_display": "0", "missing_lines": 5, "excluded_lines": 0}, "missing_lines": [36, 42, 43, 44, 46], "excluded_lines": []}, "BlueprintRepository.get_active_blueprints": {"executed_lines": [], "summary": {"covered_lines": 0, "num_statements": 5, "percent_covered": 0.0, "percent_covered_display": "0", "missing_lines": 5, "excluded_lines": 0}, "missing_lines": [56, 61, 62, 63, 65], "excluded_lines": []}, "BlueprintRepository.search_by_tags": {"executed_lines": [], "summary": {"covered_lines": 0, "num_statements": 7, "percent_covered": 0.0, "percent_covered_display": "0", "missing_lines": 7, "excluded_lines": 0}, "missing_lines": [80, 86, 87, 92, 93, 94, 96], "excluded_lines": []}, "": {"executed_lines": [1, 3, 5, 6, 7, 9, 11, 12, 15, 16, 17, 23, 48, 67], "summary": {"covered_lines": 12, "num_statements": 12, "percent_covered": 100.0, "percent_covered_display": "100", "missing_lines": 0, "excluded_lines": 0}, "missing_lines": [], "excluded_lines": []}}, "classes": {"BlueprintRepository": {"executed_lines": [], "summary": {"covered_lines": 0, "num_statements": 17, "percent_covered": 0.0, "percent_covered_display": "0", "missing_lines": 17, "excluded_lines": 0}, "missing_lines": [36, 42, 43, 44, 46, 56, 61, 62, 63, 65, 80, 86, 87, 92, 93, 94, 96], "excluded_lines": []}, "": {"executed_lines": [1, 3, 5, 6, 7, 9, 11, 12, 15, 16, 17, 23, 48, 67], "summary": {"covered_lines": 12, "num_statements": 12, "percent_covered": 100.0, "percent_covered_display": "100", "missing_lines": 0, "excluded_lines": 0}, "missing_lines": [], "excluded_lines": []}}}, "app/repositories/cache_aware_base.py": {"executed_lines": [], "summary": {"covered_lines": 0, "num_statements": 262, "percent_covered": 0.0, "percent_covered_display": "0", "missing_lines": 262, "excluded_lines": 0}, "missing_lines": [8, 10, 11, 12, 13, 14, 15, 16, 18, 19, 20, 22, 23, 24, 26, 27, 29, 32, 35, 36, 38, 39, 40, 42, 43, 45, 46, 47, 48, 50, 51, 53, 54, 55, 56, 58, 59, 61, 62, 63, 66, 69, 70, 77, 91, 114, 115, 116, 117, 119, 121, 122, 123, 124, 126, 129, 132, 133, 134, 135, 136, 138, 139, 141, 143, 145, 147, 148, 151, 152, 153, 154, 155, 157, 159, 160, 162, 163, 164, 166, 173, 174, 175, 176, 177, 186, 188, 190, 195, 196, 197, 198, 201, 202, 203, 204, 207, 208, 211, 212, 213, 219, 221, 222, 224, 227, 228, 229, 230, 233, 234, 236, 238, 240, 241, 244, 245, 246, 247, 249, 250, 252, 254, 255, 256, 257, 259, 261, 262, 263, 264, 265, 267, 270, 282, 283, 284, 285, 287, 288, 289, 290, 291, 292, 293, 295, 296, 297, 298, 300, 301, 303, 305, 306, 307, 312, 313, 314, 315, 317, 319, 320, 321, 322, 323, 330, 331, 333, 334, 335, 337, 338, 340, 342, 343, 344, 349, 350, 351, 352, 354, 356, 357, 358, 359, 360, 367, 368, 369, 372, 380, 381, 382, 383, 385, 386, 389, 390, 393, 394, 395, 396, 403, 404, 405, 408, 418, 419, 420, 421, 423, 424, 427, 428, 429, 430, 431, 432, 433, 434, 437, 438, 439, 441, 442, 443, 444, 445, 446, 447, 449, 450, 451, 454, 457, 458, 459, 460, 461, 462, 464, 466, 468, 470, 472, 474, 476, 478, 480, 482, 484, 485, 487, 488, 490, 492, 493, 494, 495, 496, 498, 500], "excluded_lines": [], "functions": {"CacheKey.model_by_id": {"executed_lines": [], "summary": {"covered_lines": 0, "num_statements": 3, "percent_covered": 0.0, "percent_covered_display": "0", "missing_lines": 3, "excluded_lines": 0}, "missing_lines": [38, 39, 40], "excluded_lines": []}, "CacheKey.model_by_key": {"executed_lines": [], "summary": {"covered_lines": 0, "num_statements": 4, "percent_covered": 0.0, "percent_covered_display": "0", "missing_lines": 4, "excluded_lines": 0}, "missing_lines": [45, 46, 47, 48], "excluded_lines": []}, "CacheKey.model_list": {"executed_lines": [], "summary": {"covered_lines": 0, "num_statements": 4, "percent_covered": 0.0, "percent_covered_display": "0", "missing_lines": 4, "excluded_lines": 0}, "missing_lines": [53, 54, 55, 56], "excluded_lines": []}, "CacheKey.model_relationships": {"executed_lines": [], "summary": {"covered_lines": 0, "num_statements": 3, "percent_covered": 0.0, "percent_covered_display": "0", "missing_lines": 3, "excluded_lines": 0}, "missing_lines": [61, 62, 63], "excluded_lines": []}, "CacheInvalidationError.__init__": {"executed_lines": [], "summary": {"covered_lines": 0, "num_statements": 1, "percent_covered": 0.0, "percent_covered_display": "0", "missing_lines": 1, "excluded_lines": 0}, "missing_lines": [70], "excluded_lines": []}, "CacheAwareRepository.__init__": {"executed_lines": [], "summary": {"covered_lines": 0, "num_statements": 4, "percent_covered": 0.0, "percent_covered_display": "0", "missing_lines": 4, "excluded_lines": 0}, "missing_lines": [114, 115, 116, 117], "excluded_lines": []}, "CacheAwareRepository._get_tenant_id": {"executed_lines": [], "summary": {"covered_lines": 0, "num_statements": 4, "percent_covered": 0.0, "percent_covered_display": "0", "missing_lines": 4, "excluded_lines": 0}, "missing_lines": [121, 122, 123, 124], "excluded_lines": []}, "CacheAwareRepository._hash_filters": {"executed_lines": [], "summary": {"covered_lines": 0, "num_statements": 8, "percent_covered": 0.0, "percent_covered_display": "0", "missing_lines": 8, "excluded_lines": 0}, "missing_lines": [129, 132, 133, 134, 135, 136, 138, 139], "excluded_lines": []}, "CacheAwareRepository._get_model_tags": {"executed_lines": [], "summary": {"covered_lines": 0, "num_statements": 10, "percent_covered": 0.0, "percent_covered_display": "0", "missing_lines": 10, "excluded_lines": 0}, "missing_lines": [143, 145, 147, 148, 151, 152, 153, 154, 155, 157], "excluded_lines": []}, "CacheAwareRepository._cache_context": {"executed_lines": [], "summary": {"covered_lines": 0, "num_statements": 11, "percent_covered": 0.0, "percent_covered_display": "0", "missing_lines": 11, "excluded_lines": 0}, "missing_lines": [162, 163, 164, 166, 173, 174, 175, 176, 177, 186, 188], "excluded_lines": []}, "CacheAwareRepository._serialize_for_cache": {"executed_lines": [], "summary": {"covered_lines": 0, "num_statements": 24, "percent_covered": 0.0, "percent_covered_display": "0", "missing_lines": 24, "excluded_lines": 0}, "missing_lines": [195, 196, 197, 198, 201, 202, 203, 204, 207, 208, 211, 212, 213, 219, 221, 222, 224, 227, 228, 229, 230, 233, 234, 236], "excluded_lines": []}, "CacheAwareRepository._deserialize_from_cache": {"executed_lines": [], "summary": {"covered_lines": 0, "num_statements": 20, "percent_covered": 0.0, "percent_covered_display": "0", "missing_lines": 20, "excluded_lines": 0}, "missing_lines": [240, 241, 244, 245, 246, 247, 249, 250, 252, 254, 255, 256, 257, 259, 261, 262, 263, 264, 265, 267], "excluded_lines": []}, "cache_get": {"executed_lines": [], "summary": {"covered_lines": 0, "num_statements": 4, "percent_covered": 0.0, "percent_covered_display": "0", "missing_lines": 4, "excluded_lines": 0}, "missing_lines": [282, 283, 284, 369], "excluded_lines": []}, "cache_get.decorator": {"executed_lines": [], "summary": {"covered_lines": 0, "num_statements": 25, "percent_covered": 0.0, "percent_covered_display": "0", "missing_lines": 25, "excluded_lines": 0}, "missing_lines": [285, 295, 296, 331, 333, 334, 335, 337, 338, 340, 342, 343, 344, 349, 350, 351, 352, 354, 356, 357, 358, 359, 360, 367, 368], "excluded_lines": []}, "cache_get.decorator.get_model_class_from_kwargs": {"executed_lines": [], "summary": {"covered_lines": 0, "num_statements": 7, "percent_covered": 0.0, "percent_covered_display": "0", "missing_lines": 7, "excluded_lines": 0}, "missing_lines": [287, 288, 289, 290, 291, 292, 293], "excluded_lines": []}, "cache_get.decorator.async_wrapper": {"executed_lines": [], "summary": {"covered_lines": 0, "num_statements": 19, "percent_covered": 0.0, "percent_covered_display": "0", "missing_lines": 19, "excluded_lines": 0}, "missing_lines": [297, 298, 300, 301, 303, 305, 306, 307, 312, 313, 314, 315, 317, 319, 320, 321, 322, 323, 330], "excluded_lines": []}, "cache_set": {"executed_lines": [], "summary": {"covered_lines": 0, "num_statements": 3, "percent_covered": 0.0, "percent_covered_display": "0", "missing_lines": 3, "excluded_lines": 0}, "missing_lines": [380, 381, 405], "excluded_lines": []}, "cache_set.decorator": {"executed_lines": [], "summary": {"covered_lines": 0, "num_statements": 2, "percent_covered": 0.0, "percent_covered_display": "0", "missing_lines": 2, "excluded_lines": 0}, "missing_lines": [382, 404], "excluded_lines": []}, "cache_set.decorator.wrapper": {"executed_lines": [], "summary": {"covered_lines": 0, "num_statements": 10, "percent_covered": 0.0, "percent_covered_display": "0", "missing_lines": 10, "excluded_lines": 0}, "missing_lines": [383, 385, 386, 389, 390, 393, 394, 395, 396, 403], "excluded_lines": []}, "cache_invalidate": {"executed_lines": [], "summary": {"covered_lines": 0, "num_statements": 3, "percent_covered": 0.0, "percent_covered_display": "0", "missing_lines": 3, "excluded_lines": 0}, "missing_lines": [418, 419, 451], "excluded_lines": []}, "cache_invalidate.decorator": {"executed_lines": [], "summary": {"covered_lines": 0, "num_statements": 2, "percent_covered": 0.0, "percent_covered_display": "0", "missing_lines": 2, "excluded_lines": 0}, "missing_lines": [420, 450], "excluded_lines": []}, "cache_invalidate.decorator.wrapper": {"executed_lines": [], "summary": {"covered_lines": 0, "num_statements": 22, "percent_covered": 0.0, "percent_covered_display": "0", "missing_lines": 22, "excluded_lines": 0}, "missing_lines": [421, 423, 424, 427, 428, 429, 430, 431, 432, 433, 434, 437, 438, 439, 441, 442, 443, 444, 445, 446, 447, 449], "excluded_lines": []}, "CacheMetrics.__init__": {"executed_lines": [], "summary": {"covered_lines": 0, "num_statements": 5, "percent_covered": 0.0, "percent_covered_display": "0", "missing_lines": 5, "excluded_lines": 0}, "missing_lines": [458, 459, 460, 461, 462], "excluded_lines": []}, "CacheMetrics.hit": {"executed_lines": [], "summary": {"covered_lines": 0, "num_statements": 1, "percent_covered": 0.0, "percent_covered_display": "0", "missing_lines": 1, "excluded_lines": 0}, "missing_lines": [466], "excluded_lines": []}, "CacheMetrics.miss": {"executed_lines": [], "summary": {"covered_lines": 0, "num_statements": 1, "percent_covered": 0.0, "percent_covered_display": "0", "missing_lines": 1, "excluded_lines": 0}, "missing_lines": [470], "excluded_lines": []}, "CacheMetrics.set": {"executed_lines": [], "summary": {"covered_lines": 0, "num_statements": 1, "percent_covered": 0.0, "percent_covered_display": "0", "missing_lines": 1, "excluded_lines": 0}, "missing_lines": [474], "excluded_lines": []}, "CacheMetrics.invalidate": {"executed_lines": [], "summary": {"covered_lines": 0, "num_statements": 1, "percent_covered": 0.0, "percent_covered_display": "0", "missing_lines": 1, "excluded_lines": 0}, "missing_lines": [478], "excluded_lines": []}, "CacheMetrics.error": {"executed_lines": [], "summary": {"covered_lines": 0, "num_statements": 1, "percent_covered": 0.0, "percent_covered_display": "0", "missing_lines": 1, "excluded_lines": 0}, "missing_lines": [482], "excluded_lines": []}, "CacheMetrics.hit_ratio": {"executed_lines": [], "summary": {"covered_lines": 0, "num_statements": 2, "percent_covered": 0.0, "percent_covered_display": "0", "missing_lines": 2, "excluded_lines": 0}, "missing_lines": [487, 488], "excluded_lines": []}, "CacheMetrics.reset": {"executed_lines": [], "summary": {"covered_lines": 0, "num_statements": 5, "percent_covered": 0.0, "percent_covered_display": "0", "missing_lines": 5, "excluded_lines": 0}, "missing_lines": [492, 493, 494, 495, 496], "excluded_lines": []}, "CacheMetrics.to_dict": {"executed_lines": [], "summary": {"covered_lines": 0, "num_statements": 1, "percent_covered": 0.0, "percent_covered_display": "0", "missing_lines": 1, "excluded_lines": 0}, "missing_lines": [500], "excluded_lines": []}, "": {"executed_lines": [], "summary": {"covered_lines": 0, "num_statements": 51, "percent_covered": 0.0, "percent_covered_display": "0", "missing_lines": 51, "excluded_lines": 0}, "missing_lines": [8, 10, 11, 12, 13, 14, 15, 16, 18, 19, 20, 22, 23, 24, 26, 27, 29, 32, 35, 36, 42, 43, 50, 51, 58, 59, 66, 69, 77, 91, 119, 126, 141, 159, 160, 190, 238, 270, 372, 408, 454, 457, 464, 468, 472, 476, 480, 484, 485, 490, 498], "excluded_lines": []}}, "classes": {"CacheKey": {"executed_lines": [], "summary": {"covered_lines": 0, "num_statements": 14, "percent_covered": 0.0, "percent_covered_display": "0", "missing_lines": 14, "excluded_lines": 0}, "missing_lines": [38, 39, 40, 45, 46, 47, 48, 53, 54, 55, 56, 61, 62, 63], "excluded_lines": []}, "CacheInvalidationError": {"executed_lines": [], "summary": {"covered_lines": 0, "num_statements": 1, "percent_covered": 0.0, "percent_covered_display": "0", "missing_lines": 1, "excluded_lines": 0}, "missing_lines": [70], "excluded_lines": []}, "CacheAwareRepository": {"executed_lines": [], "summary": {"covered_lines": 0, "num_statements": 81, "percent_covered": 0.0, "percent_covered_display": "0", "missing_lines": 81, "excluded_lines": 0}, "missing_lines": [114, 115, 116, 117, 121, 122, 123, 124, 129, 132, 133, 134, 135, 136, 138, 139, 143, 145, 147, 148, 151, 152, 153, 154, 155, 157, 162, 163, 164, 166, 173, 174, 175, 176, 177, 186, 188, 195, 196, 197, 198, 201, 202, 203, 204, 207, 208, 211, 212, 213, 219, 221, 222, 224, 227, 228, 229, 230, 233, 234, 236, 240, 241, 244, 245, 246, 247, 249, 250, 252, 254, 255, 256, 257, 259, 261, 262, 263, 264, 265, 267], "excluded_lines": []}, "CacheMetrics": {"executed_lines": [], "summary": {"covered_lines": 0, "num_statements": 18, "percent_covered": 0.0, "percent_covered_display": "0", "missing_lines": 18, "excluded_lines": 0}, "missing_lines": [458, 459, 460, 461, 462, 466, 470, 474, 478, 482, 487, 488, 492, 493, 494, 495, 496, 500], "excluded_lines": []}, "": {"executed_lines": [], "summary": {"covered_lines": 0, "num_statements": 148, "percent_covered": 0.0, "percent_covered_display": "0", "missing_lines": 148, "excluded_lines": 0}, "missing_lines": [8, 10, 11, 12, 13, 14, 15, 16, 18, 19, 20, 22, 23, 24, 26, 27, 29, 32, 35, 36, 42, 43, 50, 51, 58, 59, 66, 69, 77, 91, 119, 126, 141, 159, 160, 190, 238, 270, 282, 283, 284, 285, 287, 288, 289, 290, 291, 292, 293, 295, 296, 297, 298, 300, 301, 303, 305, 306, 307, 312, 313, 314, 315, 317, 319, 320, 321, 322, 323, 330, 331, 333, 334, 335, 337, 338, 340, 342, 343, 344, 349, 350, 351, 352, 354, 356, 357, 358, 359, 360, 367, 368, 369, 372, 380, 381, 382, 383, 385, 386, 389, 390, 393, 394, 395, 396, 403, 404, 405, 408, 418, 419, 420, 421, 423, 424, 427, 428, 429, 430, 431, 432, 433, 434, 437, 438, 439, 441, 442, 443, 444, 445, 446, 447, 449, 450, 451, 454, 457, 464, 468, 472, 476, 480, 484, 485, 490, 498], "excluded_lines": []}}}, "app/repositories/composed_prompt_repo.py": {"executed_lines": [1, 3, 5, 6, 7, 9, 11, 12, 13, 16, 17, 18, 24, 49, 74, 105, 130, 165, 190], "summary": {"covered_lines": 17, "num_statements": 61, "percent_covered": 27.868852459016395, "percent_covered_display": "28", "missing_lines": 44, "excluded_lines": 0}, "missing_lines": [37, 43, 44, 45, 47, 62, 68, 69, 70, 72, 87, 95, 96, 97, 99, 100, 101, 103, 118, 124, 125, 126, 128, 149, 153, 154, 155, 156, 159, 160, 161, 163, 178, 184, 185, 186, 188, 205, 210, 211, 216, 217, 218, 220], "excluded_lines": [], "functions": {"ComposedPromptRepository.get_by_song_id": {"executed_lines": [], "summary": {"covered_lines": 0, "num_statements": 5, "percent_covered": 0.0, "percent_covered_display": "0", "missing_lines": 5, "excluded_lines": 0}, "missing_lines": [37, 43, 44, 45, 47], "excluded_lines": []}, "ComposedPromptRepository.get_latest_by_song_id": {"executed_lines": [], "summary": {"covered_lines": 0, "num_statements": 5, "percent_covered": 0.0, "percent_covered_display": "0", "missing_lines": 5, "excluded_lines": 0}, "missing_lines": [62, 68, 69, 70, 72], "excluded_lines": []}, "ComposedPromptRepository.get_with_song": {"executed_lines": [], "summary": {"covered_lines": 0, "num_statements": 8, "percent_covered": 0.0, "percent_covered_display": "0", "missing_lines": 8, "excluded_lines": 0}, "missing_lines": [87, 95, 96, 97, 99, 100, 101, 103], "excluded_lines": []}, "ComposedPromptRepository.get_by_validation_status": {"executed_lines": [], "summary": {"covered_lines": 0, "num_statements": 5, "percent_covered": 0.0, "percent_covered_display": "0", "missing_lines": 5, "excluded_lines": 0}, "missing_lines": [118, 124, 125, 126, 128], "excluded_lines": []}, "ComposedPromptRepository.get_by_character_length": {"executed_lines": [], "summary": {"covered_lines": 0, "num_statements": 9, "percent_covered": 0.0, "percent_covered_display": "0", "missing_lines": 9, "excluded_lines": 0}, "missing_lines": [149, 153, 154, 155, 156, 159, 160, 161, 163], "excluded_lines": []}, "ComposedPromptRepository.get_failed_validations": {"executed_lines": [], "summary": {"covered_lines": 0, "num_statements": 5, "percent_covered": 0.0, "percent_covered_display": "0", "missing_lines": 5, "excluded_lines": 0}, "missing_lines": [178, 184, 185, 186, 188], "excluded_lines": []}, "ComposedPromptRepository.search_by_section_tags": {"executed_lines": [], "summary": {"covered_lines": 0, "num_statements": 7, "percent_covered": 0.0, "percent_covered_display": "0", "missing_lines": 7, "excluded_lines": 0}, "missing_lines": [205, 210, 211, 216, 217, 218, 220], "excluded_lines": []}, "": {"executed_lines": [1, 3, 5, 6, 7, 9, 11, 12, 13, 16, 17, 18, 24, 49, 74, 105, 130, 165, 190], "summary": {"covered_lines": 17, "num_statements": 17, "percent_covered": 100.0, "percent_covered_display": "100", "missing_lines": 0, "excluded_lines": 0}, "missing_lines": [], "excluded_lines": []}}, "classes": {"ComposedPromptRepository": {"executed_lines": [], "summary": {"covered_lines": 0, "num_statements": 44, "percent_covered": 0.0, "percent_covered_display": "0", "missing_lines": 44, "excluded_lines": 0}, "missing_lines": [37, 43, 44, 45, 47, 62, 68, 69, 70, 72, 87, 95, 96, 97, 99, 100, 101, 103, 118, 124, 125, 126, 128, 149, 153, 154, 155, 156, 159, 160, 161, 163, 178, 184, 185, 186, 188, 205, 210, 211, 216, 217, 218, 220], "excluded_lines": []}, "": {"executed_lines": [1, 3, 5, 6, 7, 9, 11, 12, 13, 16, 17, 18, 24, 49, 74, 105, 130, 165, 190], "summary": {"covered_lines": 17, "num_statements": 17, "percent_covered": 100.0, "percent_covered_display": "100", "missing_lines": 0, "excluded_lines": 0}, "missing_lines": [], "excluded_lines": []}}}, "app/repositories/lyrics_repo.py": {"executed_lines": [1, 3, 5, 6, 7, 9, 11, 12, 13, 16, 17, 18, 24, 49, 74, 105, 130, 165], "summary": {"covered_lines": 16, "num_statements": 53, "percent_covered": 30.18867924528302, "percent_covered_display": "30", "missing_lines": 37, "excluded_lines": 0}, "missing_lines": [37, 43, 44, 45, 47, 62, 68, 69, 70, 72, 87, 95, 96, 97, 99, 100, 101, 103, 118, 124, 125, 126, 128, 149, 153, 154, 155, 156, 159, 160, 161, 163, 173, 179, 180, 181, 183], "excluded_lines": [], "functions": {"LyricsRepository.get_by_song_id": {"executed_lines": [], "summary": {"covered_lines": 0, "num_statements": 5, "percent_covered": 0.0, "percent_covered_display": "0", "missing_lines": 5, "excluded_lines": 0}, "missing_lines": [37, 43, 44, 45, 47], "excluded_lines": []}, "LyricsRepository.get_latest_by_song_id": {"executed_lines": [], "summary": {"covered_lines": 0, "num_statements": 5, "percent_covered": 0.0, "percent_covered_display": "0", "missing_lines": 5, "excluded_lines": 0}, "missing_lines": [62, 68, 69, 70, 72], "excluded_lines": []}, "LyricsRepository.get_with_song": {"executed_lines": [], "summary": {"covered_lines": 0, "num_statements": 8, "percent_covered": 0.0, "percent_covered_display": "0", "missing_lines": 8, "excluded_lines": 0}, "missing_lines": [87, 95, 96, 97, 99, 100, 101, 103], "excluded_lines": []}, "LyricsRepository.search_by_rhyme_scheme": {"executed_lines": [], "summary": {"covered_lines": 0, "num_statements": 5, "percent_covered": 0.0, "percent_covered_display": "0", "missing_lines": 5, "excluded_lines": 0}, "missing_lines": [118, 124, 125, 126, 128], "excluded_lines": []}, "LyricsRepository.get_by_reading_level": {"executed_lines": [], "summary": {"covered_lines": 0, "num_statements": 9, "percent_covered": 0.0, "percent_covered_display": "0", "missing_lines": 9, "excluded_lines": 0}, "missing_lines": [149, 153, 154, 155, 156, 159, 160, 161, 163], "excluded_lines": []}, "LyricsRepository.get_explicit_lyrics": {"executed_lines": [], "summary": {"covered_lines": 0, "num_statements": 5, "percent_covered": 0.0, "percent_covered_display": "0", "missing_lines": 5, "excluded_lines": 0}, "missing_lines": [173, 179, 180, 181, 183], "excluded_lines": []}, "": {"executed_lines": [1, 3, 5, 6, 7, 9, 11, 12, 13, 16, 17, 18, 24, 49, 74, 105, 130, 165], "summary": {"covered_lines": 16, "num_statements": 16, "percent_covered": 100.0, "percent_covered_display": "100", "missing_lines": 0, "excluded_lines": 0}, "missing_lines": [], "excluded_lines": []}}, "classes": {"LyricsRepository": {"executed_lines": [], "summary": {"covered_lines": 0, "num_statements": 37, "percent_covered": 0.0, "percent_covered_display": "0", "missing_lines": 37, "excluded_lines": 0}, "missing_lines": [37, 43, 44, 45, 47, 62, 68, 69, 70, 72, 87, 95, 96, 97, 99, 100, 101, 103, 118, 124, 125, 126, 128, 149, 153, 154, 155, 156, 159, 160, 161, 163, 173, 179, 180, 181, 183], "excluded_lines": []}, "": {"executed_lines": [1, 3, 5, 6, 7, 9, 11, 12, 13, 16, 17, 18, 24, 49, 74, 105, 130, 165], "summary": {"covered_lines": 16, "num_statements": 16, "percent_covered": 100.0, "percent_covered_display": "100", "missing_lines": 0, "excluded_lines": 0}, "missing_lines": [], "excluded_lines": []}}}, "app/repositories/persona_repo.py": {"executed_lines": [1, 3, 5, 6, 7, 9, 11, 12, 15, 16, 17, 23, 48, 79], "summary": {"covered_lines": 12, "num_statements": 33, "percent_covered": 36.36363636363637, "percent_covered_display": "36", "missing_lines": 21, "excluded_lines": 0}, "missing_lines": [36, 42, 43, 44, 46, 61, 67, 68, 73, 74, 75, 77, 98, 103, 104, 107, 108, 113, 114, 115, 117], "excluded_lines": [], "functions": {"PersonaRepository.get_by_name": {"executed_lines": [], "summary": {"covered_lines": 0, "num_statements": 5, "percent_covered": 0.0, "percent_covered_display": "0", "missing_lines": 5, "excluded_lines": 0}, "missing_lines": [36, 42, 43, 44, 46], "excluded_lines": []}, "PersonaRepository.search_by_influences": {"executed_lines": [], "summary": {"covered_lines": 0, "num_statements": 7, "percent_covered": 0.0, "percent_covered_display": "0", "missing_lines": 7, "excluded_lines": 0}, "missing_lines": [61, 67, 68, 73, 74, 75, 77], "excluded_lines": []}, "PersonaRepository.get_by_vocal_range": {"executed_lines": [], "summary": {"covered_lines": 0, "num_statements": 9, "percent_covered": 0.0, "percent_covered_display": "0", "missing_lines": 9, "excluded_lines": 0}, "missing_lines": [98, 103, 104, 107, 108, 113, 114, 115, 117], "excluded_lines": []}, "": {"executed_lines": [1, 3, 5, 6, 7, 9, 11, 12, 15, 16, 17, 23, 48, 79], "summary": {"covered_lines": 12, "num_statements": 12, "percent_covered": 100.0, "percent_covered_display": "100", "missing_lines": 0, "excluded_lines": 0}, "missing_lines": [], "excluded_lines": []}}, "classes": {"PersonaRepository": {"executed_lines": [], "summary": {"covered_lines": 0, "num_statements": 21, "percent_covered": 0.0, "percent_covered_display": "0", "missing_lines": 21, "excluded_lines": 0}, "missing_lines": [36, 42, 43, 44, 46, 61, 67, 68, 73, 74, 75, 77, 98, 103, 104, 107, 108, 113, 114, 115, 117], "excluded_lines": []}, "": {"executed_lines": [1, 3, 5, 6, 7, 9, 11, 12, 15, 16, 17, 23, 48, 79], "summary": {"covered_lines": 12, "num_statements": 12, "percent_covered": 100.0, "percent_covered_display": "100", "missing_lines": 0, "excluded_lines": 0}, "missing_lines": [], "excluded_lines": []}}}, "app/repositories/producer_notes_repo.py": {"executed_lines": [1, 3, 5, 6, 7, 9, 11, 12, 13, 16, 17, 18, 24, 49, 74, 105, 140], "summary": {"covered_lines": 15, "num_statements": 48, "percent_covered": 31.25, "percent_covered_display": "31", "missing_lines": 33, "excluded_lines": 0}, "missing_lines": [37, 43, 44, 45, 47, 62, 68, 69, 70, 72, 87, 95, 96, 97, 99, 100, 101, 103, 124, 128, 129, 130, 131, 134, 135, 136, 138, 155, 161, 166, 167, 168, 170], "excluded_lines": [], "functions": {"ProducerNotesRepository.get_by_song_id": {"executed_lines": [], "summary": {"covered_lines": 0, "num_statements": 5, "percent_covered": 0.0, "percent_covered_display": "0", "missing_lines": 5, "excluded_lines": 0}, "missing_lines": [37, 43, 44, 45, 47], "excluded_lines": []}, "ProducerNotesRepository.get_latest_by_song_id": {"executed_lines": [], "summary": {"covered_lines": 0, "num_statements": 5, "percent_covered": 0.0, "percent_covered_display": "0", "missing_lines": 5, "excluded_lines": 0}, "missing_lines": [62, 68, 69, 70, 72], "excluded_lines": []}, "ProducerNotesRepository.get_with_song": {"executed_lines": [], "summary": {"covered_lines": 0, "num_statements": 8, "percent_covered": 0.0, "percent_covered_display": "0", "missing_lines": 8, "excluded_lines": 0}, "missing_lines": [87, 95, 96, 97, 99, 100, 101, 103], "excluded_lines": []}, "ProducerNotesRepository.get_by_hook_count": {"executed_lines": [], "summary": {"covered_lines": 0, "num_statements": 9, "percent_covered": 0.0, "percent_covered_display": "0", "missing_lines": 9, "excluded_lines": 0}, "missing_lines": [124, 128, 129, 130, 131, 134, 135, 136, 138], "excluded_lines": []}, "ProducerNotesRepository.search_by_structure_pattern": {"executed_lines": [], "summary": {"covered_lines": 0, "num_statements": 6, "percent_covered": 0.0, "percent_covered_display": "0", "missing_lines": 6, "excluded_lines": 0}, "missing_lines": [155, 161, 166, 167, 168, 170], "excluded_lines": []}, "": {"executed_lines": [1, 3, 5, 6, 7, 9, 11, 12, 13, 16, 17, 18, 24, 49, 74, 105, 140], "summary": {"covered_lines": 15, "num_statements": 15, "percent_covered": 100.0, "percent_covered_display": "100", "missing_lines": 0, "excluded_lines": 0}, "missing_lines": [], "excluded_lines": []}}, "classes": {"ProducerNotesRepository": {"executed_lines": [], "summary": {"covered_lines": 0, "num_statements": 33, "percent_covered": 0.0, "percent_covered_display": "0", "missing_lines": 33, "excluded_lines": 0}, "missing_lines": [37, 43, 44, 45, 47, 62, 68, 69, 70, 72, 87, 95, 96, 97, 99, 100, 101, 103, 124, 128, 129, 130, 131, 134, 135, 136, 138, 155, 161, 166, 167, 168, 170], "excluded_lines": []}, "": {"executed_lines": [1, 3, 5, 6, 7, 9, 11, 12, 13, 16, 17, 18, 24, 49, 74, 105, 140], "summary": {"covered_lines": 15, "num_statements": 15, "percent_covered": 100.0, "percent_covered_display": "100", "missing_lines": 0, "excluded_lines": 0}, "missing_lines": [], "excluded_lines": []}}}, "app/repositories/song_repo.py": {"executed_lines": [1, 3, 5, 6, 7, 9, 11, 12, 13, 14, 15, 16, 19, 20, 21, 27, 52, 83, 124, 149], "summary": {"covered_lines": 18, "num_statements": 51, "percent_covered": 35.294117647058826, "percent_covered_display": "35", "missing_lines": 33, "excluded_lines": 0}, "missing_lines": [40, 46, 47, 48, 50, 65, 73, 74, 75, 77, 78, 79, 81, 99, 110, 111, 112, 114, 115, 116, 119, 120, 122, 137, 143, 144, 145, 147, 162, 167, 168, 169, 171], "excluded_lines": [], "functions": {"SongRepository.get_by_status": {"executed_lines": [], "summary": {"covered_lines": 0, "num_statements": 5, "percent_covered": 0.0, "percent_covered_display": "0", "missing_lines": 5, "excluded_lines": 0}, "missing_lines": [40, 46, 47, 48, 50], "excluded_lines": []}, "SongRepository.get_with_style": {"executed_lines": [], "summary": {"covered_lines": 0, "num_statements": 8, "percent_covered": 0.0, "percent_covered_display": "0", "missing_lines": 8, "excluded_lines": 0}, "missing_lines": [65, 73, 74, 75, 77, 78, 79, 81], "excluded_lines": []}, "SongRepository.get_with_all_artifacts": {"executed_lines": [], "summary": {"covered_lines": 0, "num_statements": 10, "percent_covered": 0.0, "percent_covered_display": "0", "missing_lines": 10, "excluded_lines": 0}, "missing_lines": [99, 110, 111, 112, 114, 115, 116, 119, 120, 122], "excluded_lines": []}, "SongRepository.get_by_global_seed": {"executed_lines": [], "summary": {"covered_lines": 0, "num_statements": 5, "percent_covered": 0.0, "percent_covered_display": "0", "missing_lines": 5, "excluded_lines": 0}, "missing_lines": [137, 143, 144, 145, 147], "excluded_lines": []}, "SongRepository.get_recent_songs": {"executed_lines": [], "summary": {"covered_lines": 0, "num_statements": 5, "percent_covered": 0.0, "percent_covered_display": "0", "missing_lines": 5, "excluded_lines": 0}, "missing_lines": [162, 167, 168, 169, 171], "excluded_lines": []}, "": {"executed_lines": [1, 3, 5, 6, 7, 9, 11, 12, 13, 14, 15, 16, 19, 20, 21, 27, 52, 83, 124, 149], "summary": {"covered_lines": 18, "num_statements": 18, "percent_covered": 100.0, "percent_covered_display": "100", "missing_lines": 0, "excluded_lines": 0}, "missing_lines": [], "excluded_lines": []}}, "classes": {"SongRepository": {"executed_lines": [], "summary": {"covered_lines": 0, "num_statements": 33, "percent_covered": 0.0, "percent_covered_display": "0", "missing_lines": 33, "excluded_lines": 0}, "missing_lines": [40, 46, 47, 48, 50, 65, 73, 74, 75, 77, 78, 79, 81, 99, 110, 111, 112, 114, 115, 116, 119, 120, 122, 137, 143, 144, 145, 147, 162, 167, 168, 169, 171], "excluded_lines": []}, "": {"executed_lines": [1, 3, 5, 6, 7, 9, 11, 12, 13, 14, 15, 16, 19, 20, 21, 27, 52, 83, 124, 149], "summary": {"covered_lines": 18, "num_statements": 18, "percent_covered": 100.0, "percent_covered_display": "100", "missing_lines": 0, "excluded_lines": 0}, "missing_lines": [], "excluded_lines": []}}}, "app/repositories/source_repo.py": {"executed_lines": [1, 3, 5, 6, 7, 9, 11, 12, 15, 16, 17, 23, 52, 77, 96], "summary": {"covered_lines": 13, "num_statements": 36, "percent_covered": 36.111111111111114, "percent_covered_display": "36", "missing_lines": 23, "excluded_lines": 0}, "missing_lines": [36, 41, 46, 47, 48, 50, 65, 71, 72, 73, 75, 85, 90, 91, 92, 94, 109, 114, 115, 120, 121, 122, 124], "excluded_lines": [], "functions": {"SourceRepository.get_by_scope": {"executed_lines": [], "summary": {"covered_lines": 0, "num_statements": 6, "percent_covered": 0.0, "percent_covered_display": "0", "missing_lines": 6, "excluded_lines": 0}, "missing_lines": [36, 41, 46, 47, 48, 50], "excluded_lines": []}, "SourceRepository.get_by_source_type": {"executed_lines": [], "summary": {"covered_lines": 0, "num_statements": 5, "percent_covered": 0.0, "percent_covered_display": "0", "missing_lines": 5, "excluded_lines": 0}, "missing_lines": [65, 71, 72, 73, 75], "excluded_lines": []}, "SourceRepository.get_active_sources": {"executed_lines": [], "summary": {"covered_lines": 0, "num_statements": 5, "percent_covered": 0.0, "percent_covered_display": "0", "missing_lines": 5, "excluded_lines": 0}, "missing_lines": [85, 90, 91, 92, 94], "excluded_lines": []}, "SourceRepository.search_by_tags": {"executed_lines": [], "summary": {"covered_lines": 0, "num_statements": 7, "percent_covered": 0.0, "percent_covered_display": "0", "missing_lines": 7, "excluded_lines": 0}, "missing_lines": [109, 114, 115, 120, 121, 122, 124], "excluded_lines": []}, "": {"executed_lines": [1, 3, 5, 6, 7, 9, 11, 12, 15, 16, 17, 23, 52, 77, 96], "summary": {"covered_lines": 13, "num_statements": 13, "percent_covered": 100.0, "percent_covered_display": "100", "missing_lines": 0, "excluded_lines": 0}, "missing_lines": [], "excluded_lines": []}}, "classes": {"SourceRepository": {"executed_lines": [], "summary": {"covered_lines": 0, "num_statements": 23, "percent_covered": 0.0, "percent_covered_display": "0", "missing_lines": 23, "excluded_lines": 0}, "missing_lines": [36, 41, 46, 47, 48, 50, 65, 71, 72, 73, 75, 85, 90, 91, 92, 94, 109, 114, 115, 120, 121, 122, 124], "excluded_lines": []}, "": {"executed_lines": [1, 3, 5, 6, 7, 9, 11, 12, 15, 16, 17, 23, 52, 77, 96], "summary": {"covered_lines": 13, "num_statements": 13, "percent_covered": 100.0, "percent_covered_display": "100", "missing_lines": 0, "excluded_lines": 0}, "missing_lines": [], "excluded_lines": []}}}, "app/repositories/style_repo.py": {"executed_lines": [1, 3, 5, 6, 7, 9, 11, 12, 15, 16, 17, 23, 48, 85, 116, 158], "summary": {"covered_lines": 14, "num_statements": 53, "percent_covered": 26.41509433962264, "percent_covered_display": "26", "missing_lines": 39, "excluded_lines": 0}, "missing_lines": [36, 42, 43, 44, 46, 67, 73, 74, 75, 76, 79, 80, 81, 83, 98, 104, 105, 110, 111, 112, 114, 135, 140, 141, 146, 147, 152, 153, 154, 156, 177, 181, 182, 183, 184, 187, 188, 189, 191], "excluded_lines": [], "functions": {"StyleRepository.get_by_genre": {"executed_lines": [], "summary": {"covered_lines": 0, "num_statements": 5, "percent_covered": 0.0, "percent_covered_display": "0", "missing_lines": 5, "excluded_lines": 0}, "missing_lines": [36, 42, 43, 44, 46], "excluded_lines": []}, "StyleRepository.get_by_bpm_range": {"executed_lines": [], "summary": {"covered_lines": 0, "num_statements": 9, "percent_covered": 0.0, "percent_covered_display": "0", "missing_lines": 9, "excluded_lines": 0}, "missing_lines": [67, 73, 74, 75, 76, 79, 80, 81, 83], "excluded_lines": []}, "StyleRepository.search_by_mood": {"executed_lines": [], "summary": {"covered_lines": 0, "num_statements": 7, "percent_covered": 0.0, "percent_covered_display": "0", "missing_lines": 7, "excluded_lines": 0}, "missing_lines": [98, 104, 105, 110, 111, 112, 114], "excluded_lines": []}, "StyleRepository.search_by_tags": {"executed_lines": [], "summary": {"covered_lines": 0, "num_statements": 9, "percent_covered": 0.0, "percent_covered_display": "0", "missing_lines": 9, "excluded_lines": 0}, "missing_lines": [135, 140, 141, 146, 147, 152, 153, 154, 156], "excluded_lines": []}, "StyleRepository.get_by_energy_level": {"executed_lines": [], "summary": {"covered_lines": 0, "num_statements": 9, "percent_covered": 0.0, "percent_covered_display": "0", "missing_lines": 9, "excluded_lines": 0}, "missing_lines": [177, 181, 182, 183, 184, 187, 188, 189, 191], "excluded_lines": []}, "": {"executed_lines": [1, 3, 5, 6, 7, 9, 11, 12, 15, 16, 17, 23, 48, 85, 116, 158], "summary": {"covered_lines": 14, "num_statements": 14, "percent_covered": 100.0, "percent_covered_display": "100", "missing_lines": 0, "excluded_lines": 0}, "missing_lines": [], "excluded_lines": []}}, "classes": {"StyleRepository": {"executed_lines": [], "summary": {"covered_lines": 0, "num_statements": 39, "percent_covered": 0.0, "percent_covered_display": "0", "missing_lines": 39, "excluded_lines": 0}, "missing_lines": [36, 42, 43, 44, 46, 67, 73, 74, 75, 76, 79, 80, 81, 83, 98, 104, 105, 110, 111, 112, 114, 135, 140, 141, 146, 147, 152, 153, 154, 156, 177, 181, 182, 183, 184, 187, 188, 189, 191], "excluded_lines": []}, "": {"executed_lines": [1, 3, 5, 6, 7, 9, 11, 12, 15, 16, 17, 23, 48, 85, 116, 158], "summary": {"covered_lines": 14, "num_statements": 14, "percent_covered": 100.0, "percent_covered_display": "100", "missing_lines": 0, "excluded_lines": 0}, "missing_lines": [], "excluded_lines": []}}}, "app/repositories/workflow_run_repo.py": {"executed_lines": [1, 3, 5, 6, 7, 9, 11, 12, 15, 16, 17, 23, 43, 68, 93, 124, 149, 174], "summary": {"covered_lines": 16, "num_statements": 54, "percent_covered": 29.62962962962963, "percent_covered_display": "30", "missing_lines": 38, "excluded_lines": 0}, "missing_lines": [31, 37, 38, 39, 41, 56, 62, 63, 64, 66, 81, 87, 88, 89, 91, 106, 114, 115, 116, 118, 119, 120, 122, 137, 143, 144, 145, 147, 162, 168, 169, 170, 172, 189, 195, 196, 197, 199], "excluded_lines": [], "functions": {"WorkflowRunRepository.get_active_runs": {"executed_lines": [], "summary": {"covered_lines": 0, "num_statements": 5, "percent_covered": 0.0, "percent_covered_display": "0", "missing_lines": 5, "excluded_lines": 0}, "missing_lines": [31, 37, 38, 39, 41], "excluded_lines": []}, "WorkflowRunRepository.get_by_song_id": {"executed_lines": [], "summary": {"covered_lines": 0, "num_statements": 5, "percent_covered": 0.0, "percent_covered_display": "0", "missing_lines": 5, "excluded_lines": 0}, "missing_lines": [56, 62, 63, 64, 66], "excluded_lines": []}, "WorkflowRunRepository.get_by_run_id": {"executed_lines": [], "summary": {"covered_lines": 0, "num_statements": 5, "percent_covered": 0.0, "percent_covered_display": "0", "missing_lines": 5, "excluded_lines": 0}, "missing_lines": [81, 87, 88, 89, 91], "excluded_lines": []}, "WorkflowRunRepository.get_with_song": {"executed_lines": [], "summary": {"covered_lines": 0, "num_statements": 8, "percent_covered": 0.0, "percent_covered_display": "0", "missing_lines": 8, "excluded_lines": 0}, "missing_lines": [106, 114, 115, 116, 118, 119, 120, 122], "excluded_lines": []}, "WorkflowRunRepository.get_failed_runs": {"executed_lines": [], "summary": {"covered_lines": 0, "num_statements": 5, "percent_covered": 0.0, "percent_covered_display": "0", "missing_lines": 5, "excluded_lines": 0}, "missing_lines": [137, 143, 144, 145, 147], "excluded_lines": []}, "WorkflowRunRepository.get_by_status": {"executed_lines": [], "summary": {"covered_lines": 0, "num_statements": 5, "percent_covered": 0.0, "percent_covered_display": "0", "missing_lines": 5, "excluded_lines": 0}, "missing_lines": [162, 168, 169, 170, 172], "excluded_lines": []}, "WorkflowRunRepository.get_runs_with_high_fix_iterations": {"executed_lines": [], "summary": {"covered_lines": 0, "num_statements": 5, "percent_covered": 0.0, "percent_covered_display": "0", "missing_lines": 5, "excluded_lines": 0}, "missing_lines": [189, 195, 196, 197, 199], "excluded_lines": []}, "": {"executed_lines": [1, 3, 5, 6, 7, 9, 11, 12, 15, 16, 17, 23, 43, 68, 93, 124, 149, 174], "summary": {"covered_lines": 16, "num_statements": 16, "percent_covered": 100.0, "percent_covered_display": "100", "missing_lines": 0, "excluded_lines": 0}, "missing_lines": [], "excluded_lines": []}}, "classes": {"WorkflowRunRepository": {"executed_lines": [], "summary": {"covered_lines": 0, "num_statements": 38, "percent_covered": 0.0, "percent_covered_display": "0", "missing_lines": 38, "excluded_lines": 0}, "missing_lines": [31, 37, 38, 39, 41, 56, 62, 63, 64, 66, 81, 87, 88, 89, 91, 106, 114, 115, 116, 118, 119, 120, 122, 137, 143, 144, 145, 147, 162, 168, 169, 170, 172, 189, 195, 196, 197, 199], "excluded_lines": []}, "": {"executed_lines": [1, 3, 5, 6, 7, 9, 11, 12, 15, 16, 17, 23, 43, 68, 93, 124, 149, 174], "summary": {"covered_lines": 16, "num_statements": 16, "percent_covered": 100.0, "percent_covered_display": "100", "missing_lines": 0, "excluded_lines": 0}, "missing_lines": [], "excluded_lines": []}}}, "app/services/__init__.py": {"executed_lines": [1, 3, 4, 5, 6, 8], "summary": {"covered_lines": 5, "num_statements": 5, "percent_covered": 100.0, "percent_covered_display": "100", "missing_lines": 0, "excluded_lines": 0}, "missing_lines": [], "excluded_lines": [], "functions": {"": {"executed_lines": [1, 3, 4, 5, 6, 8], "summary": {"covered_lines": 5, "num_statements": 5, "percent_covered": 100.0, "percent_covered_display": "100", "missing_lines": 0, "excluded_lines": 0}, "missing_lines": [], "excluded_lines": []}}, "classes": {"": {"executed_lines": [1, 3, 4, 5, 6, 8], "summary": {"covered_lines": 5, "num_statements": 5, "percent_covered": 100.0, "percent_covered_display": "100", "missing_lines": 0, "excluded_lines": 0}, "missing_lines": [], "excluded_lines": []}}}, "app/services/song_service.py": {"executed_lines": [1, 7, 8, 9, 11, 12, 13, 14, 15, 16, 17, 18, 20, 23, 24, 26, 52, 90, 125, 155, 213, 229], "summary": {"covered_lines": 20, "num_statements": 77, "percent_covered": 25.974025974025974, "percent_covered_display": "26", "missing_lines": 57, "excluded_lines": 0}, "missing_lines": [45, 46, 47, 48, 49, 50, 68, 69, 72, 73, 74, 75, 78, 80, 88, 104, 105, 106, 109, 110, 111, 112, 115, 117, 123, 139, 141, 146, 147, 153, 170, 171, 172, 175, 184, 185, 188, 189, 190, 193, 194, 195, 198, 199, 200, 202, 211, 222, 224, 225, 227, 242, 244, 245, 250, 252, 254], "excluded_lines": [], "functions": {"SongService.__init__": {"executed_lines": [], "summary": {"covered_lines": 0, "num_statements": 6, "percent_covered": 0.0, "percent_covered_display": "0", "missing_lines": 6, "excluded_lines": 0}, "missing_lines": [45, 46, 47, 48, 49, 50], "excluded_lines": []}, "SongService.create_song": {"executed_lines": [], "summary": {"covered_lines": 0, "num_statements": 9, "percent_covered": 0.0, "percent_covered_display": "0", "missing_lines": 9, "excluded_lines": 0}, "missing_lines": [68, 69, 72, 73, 74, 75, 78, 80, 88], "excluded_lines": []}, "SongService.update_song": {"executed_lines": [], "summary": {"covered_lines": 0, "num_statements": 10, "percent_covered": 0.0, "percent_covered_display": "0", "missing_lines": 10, "excluded_lines": 0}, "missing_lines": [104, 105, 106, 109, 110, 111, 112, 115, 117, 123], "excluded_lines": []}, "SongService.update_song_status": {"executed_lines": [], "summary": {"covered_lines": 0, "num_statements": 5, "percent_covered": 0.0, "percent_covered_display": "0", "missing_lines": 5, "excluded_lines": 0}, "missing_lines": [139, 141, 146, 147, 153], "excluded_lines": []}, "SongService.get_song_with_artifacts": {"executed_lines": [], "summary": {"covered_lines": 0, "num_statements": 17, "percent_covered": 0.0, "percent_covered_display": "0", "missing_lines": 17, "excluded_lines": 0}, "missing_lines": [170, 171, 172, 175, 184, 185, 188, 189, 190, 193, 194, 195, 198, 199, 200, 202, 211], "excluded_lines": []}, "SongService.delete_song": {"executed_lines": [], "summary": {"covered_lines": 0, "num_statements": 4, "percent_covered": 0.0, "percent_covered_display": "0", "missing_lines": 4, "excluded_lines": 0}, "missing_lines": [222, 224, 225, 227], "excluded_lines": []}, "SongService.validate_sds": {"executed_lines": [], "summary": {"covered_lines": 0, "num_statements": 6, "percent_covered": 0.0, "percent_covered_display": "0", "missing_lines": 6, "excluded_lines": 0}, "missing_lines": [242, 244, 245, 250, 252, 254], "excluded_lines": []}, "": {"executed_lines": [1, 7, 8, 9, 11, 12, 13, 14, 15, 16, 17, 18, 20, 23, 24, 26, 52, 90, 125, 155, 213, 229], "summary": {"covered_lines": 20, "num_statements": 20, "percent_covered": 100.0, "percent_covered_display": "100", "missing_lines": 0, "excluded_lines": 0}, "missing_lines": [], "excluded_lines": []}}, "classes": {"SongService": {"executed_lines": [], "summary": {"covered_lines": 0, "num_statements": 57, "percent_covered": 0.0, "percent_covered_display": "0", "missing_lines": 57, "excluded_lines": 0}, "missing_lines": [45, 46, 47, 48, 49, 50, 68, 69, 72, 73, 74, 75, 78, 80, 88, 104, 105, 106, 109, 110, 111, 112, 115, 117, 123, 139, 141, 146, 147, 153, 170, 171, 172, 175, 184, 185, 188, 189, 190, 193, 194, 195, 198, 199, 200, 202, 211, 222, 224, 225, 227, 242, 244, 245, 250, 252, 254], "excluded_lines": []}, "": {"executed_lines": [1, 7, 8, 9, 11, 12, 13, 14, 15, 16, 17, 18, 20, 23, 24, 26, 52, 90, 125, 155, 213, 229], "summary": {"covered_lines": 20, "num_statements": 20, "percent_covered": 100.0, "percent_covered_display": "100", "missing_lines": 0, "excluded_lines": 0}, "missing_lines": [], "excluded_lines": []}}}, "app/services/style_service.py": {"executed_lines": [1, 7, 8, 9, 11, 12, 13, 14, 16, 19, 20, 22, 36, 71, 115, 131, 142, 190], "summary": {"covered_lines": 16, "num_statements": 65, "percent_covered": 24.615384615384617, "percent_covered_display": "25", "missing_lines": 49, "excluded_lines": 0}, "missing_lines": [33, 34, 52, 53, 56, 57, 60, 62, 69, 85, 86, 87, 90, 91, 93, 94, 97, 98, 99, 101, 102, 105, 107, 113, 124, 126, 127, 129, 140, 163, 164, 165, 171, 177, 178, 179, 180, 181, 182, 183, 188, 208, 209, 211, 214, 215, 221, 222, 227], "excluded_lines": [], "functions": {"StyleService.__init__": {"executed_lines": [], "summary": {"covered_lines": 0, "num_statements": 2, "percent_covered": 0.0, "percent_covered_display": "0", "missing_lines": 2, "excluded_lines": 0}, "missing_lines": [33, 34], "excluded_lines": []}, "StyleService.create_style": {"executed_lines": [], "summary": {"covered_lines": 0, "num_statements": 7, "percent_covered": 0.0, "percent_covered_display": "0", "missing_lines": 7, "excluded_lines": 0}, "missing_lines": [52, 53, 56, 57, 60, 62, 69], "excluded_lines": []}, "StyleService.update_style": {"executed_lines": [], "summary": {"covered_lines": 0, "num_statements": 15, "percent_covered": 0.0, "percent_covered_display": "0", "missing_lines": 15, "excluded_lines": 0}, "missing_lines": [85, 86, 87, 90, 91, 93, 94, 97, 98, 99, 101, 102, 105, 107, 113], "excluded_lines": []}, "StyleService.delete_style": {"executed_lines": [], "summary": {"covered_lines": 0, "num_statements": 4, "percent_covered": 0.0, "percent_covered_display": "0", "missing_lines": 4, "excluded_lines": 0}, "missing_lines": [124, 126, 127, 129], "excluded_lines": []}, "StyleService.get_by_genre": {"executed_lines": [], "summary": {"covered_lines": 0, "num_statements": 1, "percent_covered": 0.0, "percent_covered_display": "0", "missing_lines": 1, "excluded_lines": 0}, "missing_lines": [140], "excluded_lines": []}, "StyleService._validate_tag_conflicts": {"executed_lines": [], "summary": {"covered_lines": 0, "num_statements": 12, "percent_covered": 0.0, "percent_covered_display": "0", "missing_lines": 12, "excluded_lines": 0}, "missing_lines": [163, 164, 165, 171, 177, 178, 179, 180, 181, 182, 183, 188], "excluded_lines": []}, "StyleService._validate_energy_tempo_coherence": {"executed_lines": [], "summary": {"covered_lines": 0, "num_statements": 8, "percent_covered": 0.0, "percent_covered_display": "0", "missing_lines": 8, "excluded_lines": 0}, "missing_lines": [208, 209, 211, 214, 215, 221, 222, 227], "excluded_lines": []}, "": {"executed_lines": [1, 7, 8, 9, 11, 12, 13, 14, 16, 19, 20, 22, 36, 71, 115, 131, 142, 190], "summary": {"covered_lines": 16, "num_statements": 16, "percent_covered": 100.0, "percent_covered_display": "100", "missing_lines": 0, "excluded_lines": 0}, "missing_lines": [], "excluded_lines": []}}, "classes": {"StyleService": {"executed_lines": [], "summary": {"covered_lines": 0, "num_statements": 49, "percent_covered": 0.0, "percent_covered_display": "0", "missing_lines": 49, "excluded_lines": 0}, "missing_lines": [33, 34, 52, 53, 56, 57, 60, 62, 69, 85, 86, 87, 90, 91, 93, 94, 97, 98, 99, 101, 102, 105, 107, 113, 124, 126, 127, 129, 140, 163, 164, 165, 171, 177, 178, 179, 180, 181, 182, 183, 188, 208, 209, 211, 214, 215, 221, 222, 227], "excluded_lines": []}, "": {"executed_lines": [1, 7, 8, 9, 11, 12, 13, 14, 16, 19, 20, 22, 36, 71, 115, 131, 142, 190], "summary": {"covered_lines": 16, "num_statements": 16, "percent_covered": 100.0, "percent_covered_display": "100", "missing_lines": 0, "excluded_lines": 0}, "missing_lines": [], "excluded_lines": []}}}, "app/services/validation_service.py": {"executed_lines": [1, 7, 8, 9, 10, 11, 13, 16, 17, 23, 29, 30, 31, 37, 44, 45, 47, 55, 66, 67, 68, 69, 70, 71, 72, 90, 104, 105, 107, 110, 113, 114, 115, 117, 119, 120, 122, 124, 126, 137, 141, 142, 143, 145, 146, 151, 160, 169, 173, 174, 175, 177, 178, 183, 192, 201, 205, 206, 207, 209, 210, 215, 224, 233, 237, 238, 239, 241, 242, 247, 256, 265, 269, 270, 271, 273, 274, 279, 288, 297, 301, 302, 303, 305, 306, 311, 320, 329, 333, 334, 335, 337, 338, 343, 352, 361, 365, 366, 367, 369, 370, 375], "summary": {"covered_lines": 100, "num_statements": 163, "percent_covered": 61.34969325153374, "percent_covered_display": "61", "missing_lines": 63, "excluded_lines": 0}, "missing_lines": [48, 53, 77, 78, 84, 116, 118, 138, 139, 153, 154, 156, 157, 158, 170, 171, 185, 186, 188, 189, 190, 202, 203, 217, 218, 220, 221, 222, 234, 235, 249, 250, 252, 253, 254, 266, 267, 281, 282, 284, 285, 286, 298, 299, 313, 314, 316, 317, 318, 330, 331, 345, 346, 348, 349, 350, 362, 363, 377, 378, 380, 381, 382], "excluded_lines": [], "functions": {"ValidationService.__init__": {"executed_lines": [29, 30, 31], "summary": {"covered_lines": 3, "num_statements": 3, "percent_covered": 100.0, "percent_covered_display": "100", "missing_lines": 0, "excluded_lines": 0}, "missing_lines": [], "excluded_lines": []}, "ValidationService._load_schemas": {"executed_lines": [44, 45, 47, 55, 66, 67, 68, 69, 70, 71, 72], "summary": {"covered_lines": 11, "num_statements": 16, "percent_covered": 68.75, "percent_covered_display": "69", "missing_lines": 5, "excluded_lines": 0}, "missing_lines": [48, 53, 77, 78, 84], "excluded_lines": []}, "ValidationService._format_validation_errors": {"executed_lines": [104, 105, 107, 110, 113, 114, 115, 117, 119, 120, 122, 124], "summary": {"covered_lines": 12, "num_statements": 14, "percent_covered": 85.71428571428571, "percent_covered_display": "86", "missing_lines": 2, "excluded_lines": 0}, "missing_lines": [116, 118], "excluded_lines": []}, "ValidationService.validate_sds": {"executed_lines": [137, 141, 142, 143, 145, 146, 151], "summary": {"covered_lines": 7, "num_statements": 14, "percent_covered": 50.0, "percent_covered_display": "50", "missing_lines": 7, "excluded_lines": 0}, "missing_lines": [138, 139, 153, 154, 156, 157, 158], "excluded_lines": []}, "ValidationService.validate_style": {"executed_lines": [169, 173, 174, 175, 177, 178, 183], "summary": {"covered_lines": 7, "num_statements": 14, "percent_covered": 50.0, "percent_covered_display": "50", "missing_lines": 7, "excluded_lines": 0}, "missing_lines": [170, 171, 185, 186, 188, 189, 190], "excluded_lines": []}, "ValidationService.validate_lyrics": {"executed_lines": [201, 205, 206, 207, 209, 210, 215], "summary": {"covered_lines": 7, "num_statements": 14, "percent_covered": 50.0, "percent_covered_display": "50", "missing_lines": 7, "excluded_lines": 0}, "missing_lines": [202, 203, 217, 218, 220, 221, 222], "excluded_lines": []}, "ValidationService.validate_producer_notes": {"executed_lines": [233, 237, 238, 239, 241, 242, 247], "summary": {"covered_lines": 7, "num_statements": 14, "percent_covered": 50.0, "percent_covered_display": "50", "missing_lines": 7, "excluded_lines": 0}, "missing_lines": [234, 235, 249, 250, 252, 253, 254], "excluded_lines": []}, "ValidationService.validate_composed_prompt": {"executed_lines": [265, 269, 270, 271, 273, 274, 279], "summary": {"covered_lines": 7, "num_statements": 14, "percent_covered": 50.0, "percent_covered_display": "50", "missing_lines": 7, "excluded_lines": 0}, "missing_lines": [266, 267, 281, 282, 284, 285, 286], "excluded_lines": []}, "ValidationService.validate_blueprint": {"executed_lines": [297, 301, 302, 303, 305, 306, 311], "summary": {"covered_lines": 7, "num_statements": 14, "percent_covered": 50.0, "percent_covered_display": "50", "missing_lines": 7, "excluded_lines": 0}, "missing_lines": [298, 299, 313, 314, 316, 317, 318], "excluded_lines": []}, "ValidationService.validate_persona": {"executed_lines": [329, 333, 334, 335, 337, 338, 343], "summary": {"covered_lines": 7, "num_statements": 14, "percent_covered": 50.0, "percent_covered_display": "50", "missing_lines": 7, "excluded_lines": 0}, "missing_lines": [330, 331, 345, 346, 348, 349, 350], "excluded_lines": []}, "ValidationService.validate_source": {"executed_lines": [361, 365, 366, 367, 369, 370, 375], "summary": {"covered_lines": 7, "num_statements": 14, "percent_covered": 50.0, "percent_covered_display": "50", "missing_lines": 7, "excluded_lines": 0}, "missing_lines": [362, 363, 377, 378, 380, 381, 382], "excluded_lines": []}, "": {"executed_lines": [1, 7, 8, 9, 10, 11, 13, 16, 17, 23, 37, 90, 126, 160, 192, 224, 256, 288, 320, 352], "summary": {"covered_lines": 18, "num_statements": 18, "percent_covered": 100.0, "percent_covered_display": "100", "missing_lines": 0, "excluded_lines": 0}, "missing_lines": [], "excluded_lines": []}}, "classes": {"ValidationService": {"executed_lines": [29, 30, 31, 44, 45, 47, 55, 66, 67, 68, 69, 70, 71, 72, 104, 105, 107, 110, 113, 114, 115, 117, 119, 120, 122, 124, 137, 141, 142, 143, 145, 146, 151, 169, 173, 174, 175, 177, 178, 183, 201, 205, 206, 207, 209, 210, 215, 233, 237, 238, 239, 241, 242, 247, 265, 269, 270, 271, 273, 274, 279, 297, 301, 302, 303, 305, 306, 311, 329, 333, 334, 335, 337, 338, 343, 361, 365, 366, 367, 369, 370, 375], "summary": {"covered_lines": 82, "num_statements": 145, "percent_covered": 56.55172413793103, "percent_covered_display": "57", "missing_lines": 63, "excluded_lines": 0}, "missing_lines": [48, 53, 77, 78, 84, 116, 118, 138, 139, 153, 154, 156, 157, 158, 170, 171, 185, 186, 188, 189, 190, 202, 203, 217, 218, 220, 221, 222, 234, 235, 249, 250, 252, 253, 254, 266, 267, 281, 282, 284, 285, 286, 298, 299, 313, 314, 316, 317, 318, 330, 331, 345, 346, 348, 349, 350, 362, 363, 377, 378, 380, 381, 382], "excluded_lines": []}, "": {"executed_lines": [1, 7, 8, 9, 10, 11, 13, 16, 17, 23, 37, 90, 126, 160, 192, 224, 256, 288, 320, 352], "summary": {"covered_lines": 18, "num_statements": 18, "percent_covered": 100.0, "percent_covered_display": "100", "missing_lines": 0, "excluded_lines": 0}, "missing_lines": [], "excluded_lines": []}}}, "app/services/workflow_run_service.py": {"executed_lines": [1, 7, 8, 9, 11, 12, 18, 20, 23, 24, 26, 34, 54, 79, 123, 162, 170, 178, 216], "summary": {"covered_lines": 17, "num_statements": 62, "percent_covered": 27.419354838709676, "percent_covered_display": "27", "missing_lines": 45, "excluded_lines": 0}, "missing_lines": [32, 43, 45, 52, 68, 70, 71, 77, 96, 97, 98, 101, 102, 105, 106, 114, 121, 138, 139, 140, 143, 144, 147, 148, 153, 160, 168, 176, 193, 194, 195, 198, 199, 207, 214, 231, 232, 233, 236, 237, 240, 241, 243, 245, 252], "excluded_lines": [], "functions": {"WorkflowRunService.__init__": {"executed_lines": [], "summary": {"covered_lines": 0, "num_statements": 1, "percent_covered": 0.0, "percent_covered_display": "0", "missing_lines": 1, "excluded_lines": 0}, "missing_lines": [32], "excluded_lines": []}, "WorkflowRunService.create_run": {"executed_lines": [], "summary": {"covered_lines": 0, "num_statements": 3, "percent_covered": 0.0, "percent_covered_display": "0", "missing_lines": 3, "excluded_lines": 0}, "missing_lines": [43, 45, 52], "excluded_lines": []}, "WorkflowRunService.update_run": {"executed_lines": [], "summary": {"covered_lines": 0, "num_statements": 4, "percent_covered": 0.0, "percent_covered_display": "0", "missing_lines": 4, "excluded_lines": 0}, "missing_lines": [68, 70, 71, 77], "excluded_lines": []}, "WorkflowRunService.update_node_output": {"executed_lines": [], "summary": {"covered_lines": 0, "num_statements": 9, "percent_covered": 0.0, "percent_covered_display": "0", "missing_lines": 9, "excluded_lines": 0}, "missing_lines": [96, 97, 98, 101, 102, 105, 106, 114, 121], "excluded_lines": []}, "WorkflowRunService.add_event": {"executed_lines": [], "summary": {"covered_lines": 0, "num_statements": 9, "percent_covered": 0.0, "percent_covered_display": "0", "missing_lines": 9, "excluded_lines": 0}, "missing_lines": [138, 139, 140, 143, 144, 147, 148, 153, 160], "excluded_lines": []}, "WorkflowRunService.get_active_runs": {"executed_lines": [], "summary": {"covered_lines": 0, "num_statements": 1, "percent_covered": 0.0, "percent_covered_display": "0", "missing_lines": 1, "excluded_lines": 0}, "missing_lines": [168], "excluded_lines": []}, "WorkflowRunService.get_failed_runs": {"executed_lines": [], "summary": {"covered_lines": 0, "num_statements": 1, "percent_covered": 0.0, "percent_covered_display": "0", "missing_lines": 1, "excluded_lines": 0}, "missing_lines": [176], "excluded_lines": []}, "WorkflowRunService.fail_run": {"executed_lines": [], "summary": {"covered_lines": 0, "num_statements": 7, "percent_covered": 0.0, "percent_covered_display": "0", "missing_lines": 7, "excluded_lines": 0}, "missing_lines": [193, 194, 195, 198, 199, 207, 214], "excluded_lines": []}, "WorkflowRunService.complete_run": {"executed_lines": [], "summary": {"covered_lines": 0, "num_statements": 10, "percent_covered": 0.0, "percent_covered_display": "0", "missing_lines": 10, "excluded_lines": 0}, "missing_lines": [231, 232, 233, 236, 237, 240, 241, 243, 245, 252], "excluded_lines": []}, "": {"executed_lines": [1, 7, 8, 9, 11, 12, 18, 20, 23, 24, 26, 34, 54, 79, 123, 162, 170, 178, 216], "summary": {"covered_lines": 17, "num_statements": 17, "percent_covered": 100.0, "percent_covered_display": "100", "missing_lines": 0, "excluded_lines": 0}, "missing_lines": [], "excluded_lines": []}}, "classes": {"WorkflowRunService": {"executed_lines": [], "summary": {"covered_lines": 0, "num_statements": 45, "percent_covered": 0.0, "percent_covered_display": "0", "missing_lines": 45, "excluded_lines": 0}, "missing_lines": [32, 43, 45, 52, 68, 70, 71, 77, 96, 97, 98, 101, 102, 105, 106, 114, 121, 138, 139, 140, 143, 144, 147, 148, 153, 160, 168, 176, 193, 194, 195, 198, 199, 207, 214, 231, 232, 233, 236, 237, 240, 241, 243, 245, 252], "excluded_lines": []}, "": {"executed_lines": [1, 7, 8, 9, 11, 12, 18, 20, 23, 24, 26, 34, 54, 79, 123, 162, 170, 178, 216], "summary": {"covered_lines": 17, "num_statements": 17, "percent_covered": 100.0, "percent_covered_display": "100", "missing_lines": 0, "excluded_lines": 0}, "missing_lines": [], "excluded_lines": []}}}}, "totals": {"covered_lines": 634, "num_statements": 1648, "percent_covered": 38.470873786407765, "percent_covered_display": "38", "missing_lines": 1014, "excluded_lines": 7}}