{"meta": {"format": 3, "version": "7.11.3", "timestamp": "2025-11-14T15:58:38.983302", "branch_coverage": false, "show_contexts": false}, "files": {"app/services/__init__.py": {"executed_lines": [1, 3, 4, 5, 6, 7, 8, 9, 12, 14], "summary": {"covered_lines": 9, "num_statements": 9, "percent_covered": 100.0, "percent_covered_display": "100", "missing_lines": 0, "excluded_lines": 0}, "missing_lines": [], "excluded_lines": [], "functions": {"": {"executed_lines": [1, 3, 4, 5, 6, 7, 8, 9, 12, 14], "summary": {"covered_lines": 9, "num_statements": 9, "percent_covered": 100.0, "percent_covered_display": "100", "missing_lines": 0, "excluded_lines": 0}, "missing_lines": [], "excluded_lines": []}}, "classes": {"": {"executed_lines": [1, 3, 4, 5, 6, 7, 8, 9, 12, 14], "summary": {"covered_lines": 9, "num_statements": 9, "percent_covered": 100.0, "percent_covered_display": "100", "missing_lines": 0, "excluded_lines": 0}, "missing_lines": [], "excluded_lines": []}}}, "app/services/base_service.py": {"executed_lines": [1, 10, 12, 13, 14, 15, 17, 18, 19, 21, 23, 26, 27, 28, 29, 32, 33, 89, 96, 97, 99, 100, 108, 109, 144, 146, 148, 151, 152, 178, 205, 206, 208, 211, 214, 215, 222, 227, 252, 254, 321], "summary": {"covered_lines": 39, "num_statements": 69, "percent_covered": 56.52173913043478, "percent_covered_display": "57", "missing_lines": 30, "excluded_lines": 0}, "missing_lines": [106, 154, 156, 157, 164, 166, 168, 169, 176, 212, 285, 292, 293, 296, 299, 301, 303, 305, 309, 311, 317, 349, 351, 352, 353, 354, 356, 357, 361, 366], "excluded_lines": [], "functions": {"BaseService.__init__": {"executed_lines": [96, 97], "summary": {"covered_lines": 2, "num_statements": 2, "percent_covered": 100.0, "percent_covered_display": "100", "missing_lines": 0, "excluded_lines": 0}, "missing_lines": [], "excluded_lines": []}, "BaseService.session": {"executed_lines": [], "summary": {"covered_lines": 0, "num_statements": 1, "percent_covered": 0.0, "percent_covered_display": "0", "missing_lines": 1, "excluded_lines": 0}, "missing_lines": [106], "excluded_lines": []}, "BaseService.transaction": {"executed_lines": [144, 146, 148, 151, 152], "summary": {"covered_lines": 5, "num_statements": 13, "percent_covered": 38.46153846153846, "percent_covered_display": "38", "missing_lines": 8, "excluded_lines": 0}, "missing_lines": [154, 156, 157, 164, 166, 168, 169, 176], "excluded_lines": []}, "BaseService.to_response": {"executed_lines": [205, 206, 208, 211, 214, 215, 222], "summary": {"covered_lines": 7, "num_statements": 8, "percent_covered": 87.5, "percent_covered_display": "88", "missing_lines": 1, "excluded_lines": 0}, "missing_lines": [212], "excluded_lines": []}, "BaseService.to_response_list": {"executed_lines": [252], "summary": {"covered_lines": 1, "num_statements": 1, "percent_covered": 100.0, "percent_covered_display": "100", "missing_lines": 0, "excluded_lines": 0}, "missing_lines": [], "excluded_lines": []}, "BaseService._handle_error": {"executed_lines": [], "summary": {"covered_lines": 0, "num_statements": 11, "percent_covered": 0.0, "percent_covered_display": "0", "missing_lines": 11, "excluded_lines": 0}, "missing_lines": [285, 292, 293, 296, 299, 301, 303, 305, 309, 311, 317], "excluded_lines": []}, "BaseService._validate_required_fields": {"executed_lines": [], "summary": {"covered_lines": 0, "num_statements": 9, "percent_covered": 0.0, "percent_covered_display": "0", "missing_lines": 9, "excluded_lines": 0}, "missing_lines": [349, 351, 352, 353, 354, 356, 357, 361, 366], "excluded_lines": []}, "": {"executed_lines": [1, 10, 12, 13, 14, 15, 17, 18, 19, 21, 23, 26, 27, 28, 29, 32, 33, 89, 99, 100, 108, 109, 178, 227, 254, 321], "summary": {"covered_lines": 24, "num_statements": 24, "percent_covered": 100.0, "percent_covered_display": "100", "missing_lines": 0, "excluded_lines": 0}, "missing_lines": [], "excluded_lines": []}}, "classes": {"BaseService": {"executed_lines": [96, 97, 144, 146, 148, 151, 152, 205, 206, 208, 211, 214, 215, 222, 252], "summary": {"covered_lines": 15, "num_statements": 45, "percent_covered": 33.333333333333336, "percent_covered_display": "33", "missing_lines": 30, "excluded_lines": 0}, "missing_lines": [106, 154, 156, 157, 164, 166, 168, 169, 176, 212, 285, 292, 293, 296, 299, 301, 303, 305, 309, 311, 317, 349, 351, 352, 353, 354, 356, 357, 361, 366], "excluded_lines": []}, "": {"executed_lines": [1, 10, 12, 13, 14, 15, 17, 18, 19, 21, 23, 26, 27, 28, 29, 32, 33, 89, 99, 100, 108, 109, 178, 227, 254, 321], "summary": {"covered_lines": 24, "num_statements": 24, "percent_covered": 100.0, "percent_covered_display": "100", "missing_lines": 0, "excluded_lines": 0}, "missing_lines": [], "excluded_lines": []}}}, "app/services/blueprint_service.py": {"executed_lines": [1, 11, 13, 14, 15, 16, 17, 18, 20, 21, 26, 27, 28, 30, 33, 34, 52, 53, 55, 61, 62, 63, 69, 96, 99, 100, 106, 109, 115, 118, 120, 127, 129, 154, 156, 157, 162, 164, 166, 169, 171, 181, 191, 205, 223, 235, 240, 241, 242, 243, 244, 253, 257, 264, 265, 270, 271, 273, 274, 275, 277, 279, 281, 285, 290, 291, 292, 293, 296, 311, 317, 319, 336, 337, 339, 347, 360, 362, 363, 364, 365, 368, 369, 373, 374, 375, 377, 382, 388, 415, 416, 419, 420, 421, 426, 429, 430, 432, 433, 440, 442, 448, 450, 474, 477, 478, 481, 482, 484, 486, 488, 489, 499, 502, 503, 508, 516, 518, 538, 540, 542, 546, 547, 549, 550, 551, 553, 557, 559, 560, 565, 567, 573, 579, 597, 598, 602, 605, 615, 617, 618, 620, 623, 625, 631, 654, 672, 673, 676, 678, 682, 685, 687, 689, 690, 693, 694, 696, 697, 700, 701, 702, 704, 705, 712, 717, 723, 738, 739, 740, 741, 744, 746, 753, 755, 766, 777, 821], "summary": {"covered_lines": 176, "num_statements": 215, "percent_covered": 81.86046511627907, "percent_covered_display": "82", "missing_lines": 39, "excluded_lines": 0}, "missing_lines": [193, 194, 201, 258, 259, 260, 475, 485, 491, 497, 543, 606, 612, 613, 621, 633, 634, 640, 643, 644, 650, 679, 680, 764, 775, 797, 798, 799, 802, 803, 804, 805, 808, 813, 819, 830, 832, 833, 835], "excluded_lines": [], "functions": {"BlueprintService.__init__": {"executed_lines": [61, 62, 63], "summary": {"covered_lines": 3, "num_statements": 3, "percent_covered": 100.0, "percent_covered_display": "100", "missing_lines": 0, "excluded_lines": 0}, "missing_lines": [], "excluded_lines": []}, "BlueprintService.get_or_load_blueprint": {"executed_lines": [96, 99, 100, 106, 109, 115, 118, 120, 127], "summary": {"covered_lines": 9, "num_statements": 9, "percent_covered": 100.0, "percent_covered_display": "100", "missing_lines": 0, "excluded_lines": 0}, "missing_lines": [], "excluded_lines": []}, "BlueprintService.load_blueprint_from_file": {"executed_lines": [154, 156, 157, 162, 164, 166, 169, 171, 181, 191], "summary": {"covered_lines": 10, "num_statements": 13, "percent_covered": 76.92307692307692, "percent_covered_display": "77", "missing_lines": 3, "excluded_lines": 0}, "missing_lines": [193, 194, 201], "excluded_lines": []}, "BlueprintService._parse_blueprint_markdown": {"executed_lines": [223, 235, 240, 241, 242, 243, 244, 253, 257, 264, 265, 270, 271, 273, 274, 275, 277, 279, 281, 285, 290, 291, 292, 293, 296, 311, 317], "summary": {"covered_lines": 27, "num_statements": 30, "percent_covered": 90.0, "percent_covered_display": "90", "missing_lines": 3, "excluded_lines": 0}, "missing_lines": [258, 259, 260], "excluded_lines": []}, "BlueprintService.cache_blueprint": {"executed_lines": [336, 337, 339], "summary": {"covered_lines": 3, "num_statements": 3, "percent_covered": 100.0, "percent_covered_display": "100", "missing_lines": 0, "excluded_lines": 0}, "missing_lines": [], "excluded_lines": []}, "BlueprintService.invalidate_cache": {"executed_lines": [360, 362, 363, 364, 365, 368, 369, 373, 374, 375, 377, 382], "summary": {"covered_lines": 12, "num_statements": 12, "percent_covered": 100.0, "percent_covered_display": "100", "missing_lines": 0, "excluded_lines": 0}, "missing_lines": [], "excluded_lines": []}, "BlueprintService.validate_rubric_weights": {"executed_lines": [415, 416, 419, 420, 421, 426, 429, 430, 432, 433, 440, 442, 448], "summary": {"covered_lines": 13, "num_statements": 13, "percent_covered": 100.0, "percent_covered_display": "100", "missing_lines": 0, "excluded_lines": 0}, "missing_lines": [], "excluded_lines": []}, "BlueprintService.validate_tempo_range": {"executed_lines": [474, 477, 478, 481, 482, 484, 486, 488, 489, 499, 502, 503, 508, 516], "summary": {"covered_lines": 14, "num_statements": 18, "percent_covered": 77.77777777777777, "percent_covered_display": "78", "missing_lines": 4, "excluded_lines": 0}, "missing_lines": [475, 485, 491, 497], "excluded_lines": []}, "BlueprintService.validate_required_sections": {"executed_lines": [538, 540, 542, 546, 547, 549, 550, 551, 553, 557, 559, 560, 565, 567, 573], "summary": {"covered_lines": 15, "num_statements": 16, "percent_covered": 93.75, "percent_covered_display": "94", "missing_lines": 1, "excluded_lines": 0}, "missing_lines": [543], "excluded_lines": []}, "BlueprintService.load_conflict_matrix": {"executed_lines": [597, 598, 602, 605, 615, 617, 618, 620, 623, 625, 631], "summary": {"covered_lines": 11, "num_statements": 21, "percent_covered": 52.38095238095238, "percent_covered_display": "52", "missing_lines": 10, "excluded_lines": 0}, "missing_lines": [606, 612, 613, 621, 633, 634, 640, 643, 644, 650], "excluded_lines": []}, "BlueprintService.get_tag_conflicts": {"executed_lines": [672, 673, 676, 678, 682, 685, 687, 689, 690, 693, 694, 696, 697, 700, 701, 702, 704, 705, 712, 717], "summary": {"covered_lines": 20, "num_statements": 22, "percent_covered": 90.9090909090909, "percent_covered_display": "91", "missing_lines": 2, "excluded_lines": 0}, "missing_lines": [679, 680], "excluded_lines": []}, "BlueprintService.create_blueprint": {"executed_lines": [738, 739, 740, 741, 744, 746, 753], "summary": {"covered_lines": 7, "num_statements": 7, "percent_covered": 100.0, "percent_covered_display": "100", "missing_lines": 0, "excluded_lines": 0}, "missing_lines": [], "excluded_lines": []}, "BlueprintService.get_blueprint_by_id": {"executed_lines": [], "summary": {"covered_lines": 0, "num_statements": 1, "percent_covered": 0.0, "percent_covered_display": "0", "missing_lines": 1, "excluded_lines": 0}, "missing_lines": [764], "excluded_lines": []}, "BlueprintService.get_blueprints_by_genre": {"executed_lines": [], "summary": {"covered_lines": 0, "num_statements": 1, "percent_covered": 0.0, "percent_covered_display": "0", "missing_lines": 1, "excluded_lines": 0}, "missing_lines": [775], "excluded_lines": []}, "BlueprintService.update_blueprint": {"executed_lines": [], "summary": {"covered_lines": 0, "num_statements": 10, "percent_covered": 0.0, "percent_covered_display": "0", "missing_lines": 10, "excluded_lines": 0}, "missing_lines": [797, 798, 799, 802, 803, 804, 805, 808, 813, 819], "excluded_lines": []}, "BlueprintService.delete_blueprint": {"executed_lines": [], "summary": {"covered_lines": 0, "num_statements": 4, "percent_covered": 0.0, "percent_covered_display": "0", "missing_lines": 4, "excluded_lines": 0}, "missing_lines": [830, 832, 833, 835], "excluded_lines": []}, "": {"executed_lines": [1, 11, 13, 14, 15, 16, 17, 18, 20, 21, 26, 27, 28, 30, 33, 34, 52, 53, 55, 69, 129, 205, 319, 347, 388, 450, 518, 579, 654, 723, 755, 766, 777, 821], "summary": {"covered_lines": 32, "num_statements": 32, "percent_covered": 100.0, "percent_covered_display": "100", "missing_lines": 0, "excluded_lines": 0}, "missing_lines": [], "excluded_lines": []}}, "classes": {"BlueprintService": {"executed_lines": [61, 62, 63, 96, 99, 100, 106, 109, 115, 118, 120, 127, 154, 156, 157, 162, 164, 166, 169, 171, 181, 191, 223, 235, 240, 241, 242, 243, 244, 253, 257, 264, 265, 270, 271, 273, 274, 275, 277, 279, 281, 285, 290, 291, 292, 293, 296, 311, 317, 336, 337, 339, 360, 362, 363, 364, 365, 368, 369, 373, 374, 375, 377, 382, 415, 416, 419, 420, 421, 426, 429, 430, 432, 433, 440, 442, 448, 474, 477, 478, 481, 482, 484, 486, 488, 489, 499, 502, 503, 508, 516, 538, 540, 542, 546, 547, 549, 550, 551, 553, 557, 559, 560, 565, 567, 573, 597, 598, 602, 605, 615, 617, 618, 620, 623, 625, 631, 672, 673, 676, 678, 682, 685, 687, 689, 690, 693, 694, 696, 697, 700, 701, 702, 704, 705, 712, 717, 738, 739, 740, 741, 744, 746, 753], "summary": {"covered_lines": 144, "num_statements": 183, "percent_covered": 78.68852459016394, "percent_covered_display": "79", "missing_lines": 39, "excluded_lines": 0}, "missing_lines": [193, 194, 201, 258, 259, 260, 475, 485, 491, 497, 543, 606, 612, 613, 621, 633, 634, 640, 643, 644, 650, 679, 680, 764, 775, 797, 798, 799, 802, 803, 804, 805, 808, 813, 819, 830, 832, 833, 835], "excluded_lines": []}, "": {"executed_lines": [1, 11, 13, 14, 15, 16, 17, 18, 20, 21, 26, 27, 28, 30, 33, 34, 52, 53, 55, 69, 129, 205, 319, 347, 388, 450, 518, 579, 654, 723, 755, 766, 777, 821], "summary": {"covered_lines": 32, "num_statements": 32, "percent_covered": 100.0, "percent_covered_display": "100", "missing_lines": 0, "excluded_lines": 0}, "missing_lines": [], "excluded_lines": []}}}, "app/services/common.py": {"executed_lines": [1, 16, 18, 19, 20, 21, 22, 24, 25, 27, 35, 66, 67, 68, 71, 74, 75, 77, 85, 88, 110, 111, 112, 117, 120, 123, 124, 126, 132, 140, 171, 172, 175, 176, 179, 180, 181, 182, 185, 186, 187, 188, 194, 195, 197, 200, 223, 224, 225, 227, 228, 230, 232, 234, 235, 236, 238, 245, 248, 261, 262, 264, 265, 266, 267, 270, 291, 292, 295, 296, 299, 300, 302, 303, 304, 306, 314, 340, 341, 344, 346, 347, 348, 350, 353, 354, 359, 362, 363, 368, 376, 384, 392, 427, 428, 431, 432, 433, 434, 437, 439, 441, 449, 452, 463, 464, 466, 469, 475, 483, 519, 520, 523, 524, 525, 528, 531, 532, 535, 536, 537, 538, 540, 544, 546, 553, 556, 582, 583, 584, 586, 588, 589, 591, 592, 595, 596, 597, 599, 602, 603, 605, 611, 619, 647, 648, 650, 651, 653, 654, 656, 659, 670, 672, 675, 676, 677, 679, 680, 681, 682, 683, 686, 687, 690, 694, 697, 719, 720, 722, 724, 728, 731, 732, 735, 736, 738, 746, 754, 859, 898, 931, 998, 1045, 1154, 1233, 1310], "summary": {"covered_lines": 186, "num_statements": 294, "percent_covered": 63.265306122448976, "percent_covered_display": "63", "missing_lines": 108, "excluded_lines": 0}, "missing_lines": [673, 691, 725, 809, 812, 813, 816, 818, 819, 821, 822, 825, 826, 827, 828, 829, 830, 831, 833, 836, 839, 848, 856, 869, 872, 873, 876, 877, 880, 881, 884, 885, 887, 888, 891, 892, 895, 908, 911, 919, 922, 928, 966, 969, 970, 972, 981, 986, 995, 1025, 1030, 1035, 1042, 1081, 1082, 1084, 1085, 1090, 1092, 1093, 1095, 1096, 1098, 1099, 1101, 1102, 1104, 1105, 1113, 1118, 1119, 1127, 1129, 1130, 1137, 1139, 1148, 1149, 1151, 1189, 1190, 1192, 1194, 1195, 1197, 1199, 1200, 1201, 1204, 1206, 1207, 1210, 1211, 1213, 1221, 1222, 1228, 1230, 1272, 1275, 1276, 1278, 1286, 1289, 1290, 1292, 1300, 1303], "excluded_lines": [], "functions": {"compute_citation_hash": {"executed_lines": [66, 67, 68, 71, 74, 75, 77, 85], "summary": {"covered_lines": 8, "num_statements": 8, "percent_covered": 100.0, "percent_covered_display": "100", "missing_lines": 0, "excluded_lines": 0}, "missing_lines": [], "excluded_lines": []}, "compute_citation_batch_hash": {"executed_lines": [110, 111, 112, 117, 120, 123, 124, 126, 132], "summary": {"covered_lines": 9, "num_statements": 9, "percent_covered": 100.0, "percent_covered_display": "100", "missing_lines": 0, "excluded_lines": 0}, "missing_lines": [], "excluded_lines": []}, "validate_rhyme_scheme": {"executed_lines": [171, 172, 175, 176, 179, 180, 181, 182, 185, 186, 187, 188, 194, 195, 197], "summary": {"covered_lines": 15, "num_statements": 15, "percent_covered": 100.0, "percent_covered_display": "100", "missing_lines": 0, "excluded_lines": 0}, "missing_lines": [], "excluded_lines": []}, "parse_rhyme_scheme": {"executed_lines": [223, 224, 225, 227, 228, 230, 232, 234, 235, 236, 238, 245], "summary": {"covered_lines": 12, "num_statements": 12, "percent_covered": 100.0, "percent_covered_display": "100", "missing_lines": 0, "excluded_lines": 0}, "missing_lines": [], "excluded_lines": []}, "extract_rhyme_endings": {"executed_lines": [261, 262, 264, 265, 266, 267], "summary": {"covered_lines": 6, "num_statements": 6, "percent_covered": 100.0, "percent_covered_display": "100", "missing_lines": 0, "excluded_lines": 0}, "missing_lines": [], "excluded_lines": []}, "check_rhyme_similarity": {"executed_lines": [291, 292, 295, 296, 299, 300, 302, 303, 304, 306], "summary": {"covered_lines": 10, "num_statements": 10, "percent_covered": 100.0, "percent_covered_display": "100", "missing_lines": 0, "excluded_lines": 0}, "missing_lines": [], "excluded_lines": []}, "normalize_weights": {"executed_lines": [340, 341, 344, 346, 347, 348, 350, 353, 354, 359, 362, 363, 368, 376], "summary": {"covered_lines": 14, "num_statements": 14, "percent_covered": 100.0, "percent_covered_display": "100", "missing_lines": 0, "excluded_lines": 0}, "missing_lines": [], "excluded_lines": []}, "check_explicit_content": {"executed_lines": [427, 428, 431, 432, 433, 434, 437, 439, 441, 449], "summary": {"covered_lines": 10, "num_statements": 10, "percent_covered": 100.0, "percent_covered_display": "100", "missing_lines": 0, "excluded_lines": 0}, "missing_lines": [], "excluded_lines": []}, "add_profanity_terms": {"executed_lines": [463, 464, 466], "summary": {"covered_lines": 3, "num_statements": 3, "percent_covered": 100.0, "percent_covered_display": "100", "missing_lines": 0, "excluded_lines": 0}, "missing_lines": [], "excluded_lines": []}, "get_profanity_list": {"executed_lines": [475], "summary": {"covered_lines": 1, "num_statements": 1, "percent_covered": 100.0, "percent_covered_display": "100", "missing_lines": 0, "excluded_lines": 0}, "missing_lines": [], "excluded_lines": []}, "validate_section_order": {"executed_lines": [519, 520, 523, 524, 525, 528, 531, 532, 535, 536, 537, 538, 540, 544, 546, 553], "summary": {"covered_lines": 16, "num_statements": 16, "percent_covered": 100.0, "percent_covered_display": "100", "missing_lines": 0, "excluded_lines": 0}, "missing_lines": [], "excluded_lines": []}, "extract_sections": {"executed_lines": [582, 583, 584, 586, 588, 589, 591, 592, 595, 596, 597, 599, 602, 603, 605, 611], "summary": {"covered_lines": 16, "num_statements": 16, "percent_covered": 100.0, "percent_covered_display": "100", "missing_lines": 0, "excluded_lines": 0}, "missing_lines": [], "excluded_lines": []}, "count_syllables": {"executed_lines": [647, 648, 650, 651, 653, 654, 656], "summary": {"covered_lines": 7, "num_statements": 7, "percent_covered": 100.0, "percent_covered_display": "100", "missing_lines": 0, "excluded_lines": 0}, "missing_lines": [], "excluded_lines": []}, "_count_word_syllables": {"executed_lines": [670, 672, 675, 676, 677, 679, 680, 681, 682, 683, 686, 687, 690, 694], "summary": {"covered_lines": 14, "num_statements": 16, "percent_covered": 87.5, "percent_covered_display": "88", "missing_lines": 2, "excluded_lines": 0}, "missing_lines": [673, 691], "excluded_lines": []}, "calculate_syllable_consistency": {"executed_lines": [719, 720, 722, 724, 728, 731, 732, 735, 736, 738, 746], "summary": {"covered_lines": 11, "num_statements": 12, "percent_covered": 91.66666666666667, "percent_covered_display": "92", "missing_lines": 1, "excluded_lines": 0}, "missing_lines": [725], "excluded_lines": []}, "format_error_response": {"executed_lines": [], "summary": {"covered_lines": 0, "num_statements": 20, "percent_covered": 0.0, "percent_covered_display": "0", "missing_lines": 20, "excluded_lines": 0}, "missing_lines": [809, 812, 813, 816, 818, 819, 821, 822, 825, 826, 827, 828, 829, 830, 831, 833, 836, 839, 848, 856], "excluded_lines": []}, "_map_exception_to_code": {"executed_lines": [], "summary": {"covered_lines": 0, "num_statements": 14, "percent_covered": 0.0, "percent_covered_display": "0", "missing_lines": 14, "excluded_lines": 0}, "missing_lines": [869, 872, 873, 876, 877, 880, 881, 884, 885, 887, 888, 891, 892, 895], "excluded_lines": []}, "_sanitize_error_message": {"executed_lines": [], "summary": {"covered_lines": 0, "num_statements": 5, "percent_covered": 0.0, "percent_covered_display": "0", "missing_lines": 5, "excluded_lines": 0}, "missing_lines": [908, 911, 919, 922, 928], "excluded_lines": []}, "create_page_response": {"executed_lines": [], "summary": {"covered_lines": 0, "num_statements": 7, "percent_covered": 0.0, "percent_covered_display": "0", "missing_lines": 7, "excluded_lines": 0}, "missing_lines": [966, 969, 970, 972, 981, 986, 995], "excluded_lines": []}, "create_cursor_response": {"executed_lines": [], "summary": {"covered_lines": 0, "num_statements": 4, "percent_covered": 0.0, "percent_covered_display": "0", "missing_lines": 4, "excluded_lines": 0}, "missing_lines": [1025, 1030, 1035, 1042], "excluded_lines": []}, "convert_models_to_dtos": {"executed_lines": [], "summary": {"covered_lines": 0, "num_statements": 26, "percent_covered": 0.0, "percent_covered_display": "0", "missing_lines": 26, "excluded_lines": 0}, "missing_lines": [1081, 1082, 1084, 1085, 1090, 1092, 1093, 1095, 1096, 1098, 1099, 1101, 1102, 1104, 1105, 1113, 1118, 1119, 1127, 1129, 1130, 1137, 1139, 1148, 1149, 1151], "excluded_lines": []}, "load_nested_entities": {"executed_lines": [], "summary": {"covered_lines": 0, "num_statements": 19, "percent_covered": 0.0, "percent_covered_display": "0", "missing_lines": 19, "excluded_lines": 0}, "missing_lines": [1189, 1190, 1192, 1194, 1195, 1197, 1199, 1200, 1201, 1204, 1206, 1207, 1210, 1211, 1213, 1221, 1222, 1228, 1230], "excluded_lines": []}, "apply_field_selection": {"executed_lines": [], "summary": {"covered_lines": 0, "num_statements": 10, "percent_covered": 0.0, "percent_covered_display": "0", "missing_lines": 10, "excluded_lines": 0}, "missing_lines": [1272, 1275, 1276, 1278, 1286, 1289, 1290, 1292, 1300, 1303], "excluded_lines": []}, "": {"executed_lines": [1, 16, 18, 19, 20, 21, 22, 24, 25, 27, 35, 88, 140, 200, 248, 270, 314, 384, 392, 452, 469, 483, 556, 619, 659, 697, 754, 859, 898, 931, 998, 1045, 1154, 1233, 1310], "summary": {"covered_lines": 34, "num_statements": 34, "percent_covered": 100.0, "percent_covered_display": "100", "missing_lines": 0, "excluded_lines": 0}, "missing_lines": [], "excluded_lines": []}}, "classes": {"": {"executed_lines": [1, 16, 18, 19, 20, 21, 22, 24, 25, 27, 35, 66, 67, 68, 71, 74, 75, 77, 85, 88, 110, 111, 112, 117, 120, 123, 124, 126, 132, 140, 171, 172, 175, 176, 179, 180, 181, 182, 185, 186, 187, 188, 194, 195, 197, 200, 223, 224, 225, 227, 228, 230, 232, 234, 235, 236, 238, 245, 248, 261, 262, 264, 265, 266, 267, 270, 291, 292, 295, 296, 299, 300, 302, 303, 304, 306, 314, 340, 341, 344, 346, 347, 348, 350, 353, 354, 359, 362, 363, 368, 376, 384, 392, 427, 428, 431, 432, 433, 434, 437, 439, 441, 449, 452, 463, 464, 466, 469, 475, 483, 519, 520, 523, 524, 525, 528, 531, 532, 535, 536, 537, 538, 540, 544, 546, 553, 556, 582, 583, 584, 586, 588, 589, 591, 592, 595, 596, 597, 599, 602, 603, 605, 611, 619, 647, 648, 650, 651, 653, 654, 656, 659, 670, 672, 675, 676, 677, 679, 680, 681, 682, 683, 686, 687, 690, 694, 697, 719, 720, 722, 724, 728, 731, 732, 735, 736, 738, 746, 754, 859, 898, 931, 998, 1045, 1154, 1233, 1310], "summary": {"covered_lines": 186, "num_statements": 294, "percent_covered": 63.265306122448976, "percent_covered_display": "63", "missing_lines": 108, "excluded_lines": 0}, "missing_lines": [673, 691, 725, 809, 812, 813, 816, 818, 819, 821, 822, 825, 826, 827, 828, 829, 830, 831, 833, 836, 839, 848, 856, 869, 872, 873, 876, 877, 880, 881, 884, 885, 887, 888, 891, 892, 895, 908, 911, 919, 922, 928, 966, 969, 970, 972, 981, 986, 995, 1025, 1030, 1035, 1042, 1081, 1082, 1084, 1085, 1090, 1092, 1093, 1095, 1096, 1098, 1099, 1101, 1102, 1104, 1105, 1113, 1118, 1119, 1127, 1129, 1130, 1137, 1139, 1148, 1149, 1151, 1189, 1190, 1192, 1194, 1195, 1197, 1199, 1200, 1201, 1204, 1206, 1207, 1210, 1211, 1213, 1221, 1222, 1228, 1230, 1272, 1275, 1276, 1278, 1286, 1289, 1290, 1292, 1300, 1303], "excluded_lines": []}}}, "app/services/dto_helpers_usage_examples.py": {"executed_lines": [], "summary": {"covered_lines": 0, "num_statements": 181, "percent_covered": 0.0, "percent_covered_display": "0", "missing_lines": 181, "excluded_lines": 0}, "missing_lines": [9, 10, 12, 27, 31, 33, 34, 35, 41, 42, 58, 59, 60, 61, 62, 67, 68, 72, 73, 74, 75, 76, 81, 82, 91, 95, 96, 99, 103, 106, 109, 116, 117, 131, 134, 136, 137, 140, 141, 144, 145, 146, 147, 150, 156, 157, 158, 161, 164, 165, 166, 167, 172, 178, 179, 189, 197, 199, 202, 206, 212, 215, 218, 220, 223, 225, 228, 233, 235, 236, 238, 241, 243, 246, 250, 257, 259, 261, 269, 271, 272, 273, 276, 278, 279, 282, 292, 293, 302, 303, 304, 306, 309, 311, 314, 316, 317, 320, 328, 330, 338, 342, 343, 346, 351, 352, 356, 359, 363, 364, 367, 372, 373, 376, 384, 387, 388, 389, 391, 393, 395, 396, 399, 402, 404, 406, 413, 415, 417, 420, 421, 424, 431, 438, 440, 442, 445, 447, 448, 451, 458, 459, 460, 462, 464, 468, 470, 471, 474, 477, 488, 490, 491, 493, 495, 496, 502, 504, 507, 510, 511, 512, 517, 519, 521, 526, 531, 539, 542, 545, 546, 547, 548, 549, 550, 551, 552, 553, 554, 555, 556], "excluded_lines": [], "functions": {"example_error_handling": {"executed_lines": [], "summary": {"covered_lines": 0, "num_statements": 20, "percent_covered": 0.0, "percent_covered_display": "0", "missing_lines": 20, "excluded_lines": 0}, "missing_lines": [31, 33, 34, 35, 41, 42, 58, 59, 60, 61, 62, 67, 68, 72, 73, 74, 75, 76, 81, 82], "excluded_lines": []}, "example_offset_pagination": {"executed_lines": [], "summary": {"covered_lines": 0, "num_statements": 9, "percent_covered": 0.0, "percent_covered_display": "0", "missing_lines": 9, "excluded_lines": 0}, "missing_lines": [95, 96, 99, 103, 106, 109, 116, 117, 131], "excluded_lines": []}, "example_cursor_pagination": {"executed_lines": [], "summary": {"covered_lines": 0, "num_statements": 21, "percent_covered": 0.0, "percent_covered_display": "0", "missing_lines": 21, "excluded_lines": 0}, "missing_lines": [136, 137, 140, 141, 144, 145, 146, 147, 150, 156, 157, 158, 161, 164, 165, 166, 167, 172, 178, 179, 189], "excluded_lines": []}, "example_batch_conversion_skip": {"executed_lines": [], "summary": {"covered_lines": 0, "num_statements": 5, "percent_covered": 0.0, "percent_covered_display": "0", "missing_lines": 5, "excluded_lines": 0}, "missing_lines": [199, 202, 206, 212, 215], "excluded_lines": []}, "example_batch_conversion_raise": {"executed_lines": [], "summary": {"covered_lines": 0, "num_statements": 8, "percent_covered": 0.0, "percent_covered_display": "0", "missing_lines": 8, "excluded_lines": 0}, "missing_lines": [220, 223, 225, 228, 233, 235, 236, 238], "excluded_lines": []}, "example_batch_conversion_none": {"executed_lines": [], "summary": {"covered_lines": 0, "num_statements": 6, "percent_covered": 0.0, "percent_covered_display": "0", "missing_lines": 6, "excluded_lines": 0}, "missing_lines": [243, 246, 250, 257, 259, 261], "excluded_lines": []}, "example_nested_entities": {"executed_lines": [], "summary": {"covered_lines": 0, "num_statements": 13, "percent_covered": 0.0, "percent_covered_display": "0", "missing_lines": 13, "excluded_lines": 0}, "missing_lines": [271, 272, 273, 276, 278, 279, 282, 292, 293, 302, 303, 304, 306], "excluded_lines": []}, "example_nested_list_entities": {"executed_lines": [], "summary": {"covered_lines": 0, "num_statements": 7, "percent_covered": 0.0, "percent_covered_display": "0", "missing_lines": 7, "excluded_lines": 0}, "missing_lines": [311, 314, 316, 317, 320, 328, 330], "excluded_lines": []}, "example_field_whitelist": {"executed_lines": [], "summary": {"covered_lines": 0, "num_statements": 6, "percent_covered": 0.0, "percent_covered_display": "0", "missing_lines": 6, "excluded_lines": 0}, "missing_lines": [342, 343, 346, 351, 352, 356], "excluded_lines": []}, "example_field_blacklist": {"executed_lines": [], "summary": {"covered_lines": 0, "num_statements": 6, "percent_covered": 0.0, "percent_covered_display": "0", "missing_lines": 6, "excluded_lines": 0}, "missing_lines": [363, 364, 367, 372, 373, 376], "excluded_lines": []}, "ExampleLyricsService.__init__": {"executed_lines": [], "summary": {"covered_lines": 0, "num_statements": 2, "percent_covered": 0.0, "percent_covered_display": "0", "missing_lines": 2, "excluded_lines": 0}, "missing_lines": [388, 389], "excluded_lines": []}, "ExampleLyricsService.create_lyrics": {"executed_lines": [], "summary": {"covered_lines": 0, "num_statements": 8, "percent_covered": 0.0, "percent_covered_display": "0", "missing_lines": 8, "excluded_lines": 0}, "missing_lines": [393, 395, 396, 399, 402, 404, 406, 413], "excluded_lines": []}, "ExampleLyricsService.list_lyrics_paginated": {"executed_lines": [], "summary": {"covered_lines": 0, "num_statements": 6, "percent_covered": 0.0, "percent_covered_display": "0", "missing_lines": 6, "excluded_lines": 0}, "missing_lines": [417, 420, 421, 424, 431, 438], "excluded_lines": []}, "ExampleLyricsService.get_lyrics_with_song": {"executed_lines": [], "summary": {"covered_lines": 0, "num_statements": 9, "percent_covered": 0.0, "percent_covered_display": "0", "missing_lines": 9, "excluded_lines": 0}, "missing_lines": [442, 445, 447, 448, 451, 458, 459, 460, 462], "excluded_lines": []}, "ExampleLyricsService.get_lyrics_summary": {"executed_lines": [], "summary": {"covered_lines": 0, "num_statements": 5, "percent_covered": 0.0, "percent_covered_display": "0", "missing_lines": 5, "excluded_lines": 0}, "missing_lines": [468, 470, 471, 474, 477], "excluded_lines": []}, "example_api_endpoint_with_helpers": {"executed_lines": [], "summary": {"covered_lines": 0, "num_statements": 6, "percent_covered": 0.0, "percent_covered_display": "0", "missing_lines": 6, "excluded_lines": 0}, "missing_lines": [490, 491, 493, 495, 496, 531], "excluded_lines": []}, "example_api_endpoint_with_helpers.list_lyrics": {"executed_lines": [], "summary": {"covered_lines": 0, "num_statements": 10, "percent_covered": 0.0, "percent_covered_display": "0", "missing_lines": 10, "excluded_lines": 0}, "missing_lines": [502, 504, 507, 510, 511, 512, 517, 519, 521, 526], "excluded_lines": []}, "get_lyrics_service": {"executed_lines": [], "summary": {"covered_lines": 0, "num_statements": 1, "percent_covered": 0.0, "percent_covered_display": "0", "missing_lines": 1, "excluded_lines": 0}, "missing_lines": [542], "excluded_lines": []}, "": {"executed_lines": [], "summary": {"covered_lines": 0, "num_statements": 33, "percent_covered": 0.0, "percent_covered_display": "0", "missing_lines": 33, "excluded_lines": 0}, "missing_lines": [9, 10, 12, 27, 91, 134, 197, 218, 241, 269, 309, 338, 359, 384, 387, 391, 415, 440, 464, 488, 539, 545, 546, 547, 548, 549, 550, 551, 552, 553, 554, 555, 556], "excluded_lines": []}}, "classes": {"ExampleLyricsService": {"executed_lines": [], "summary": {"covered_lines": 0, "num_statements": 30, "percent_covered": 0.0, "percent_covered_display": "0", "missing_lines": 30, "excluded_lines": 0}, "missing_lines": [388, 389, 393, 395, 396, 399, 402, 404, 406, 413, 417, 420, 421, 424, 431, 438, 442, 445, 447, 448, 451, 458, 459, 460, 462, 468, 470, 471, 474, 477], "excluded_lines": []}, "": {"executed_lines": [], "summary": {"covered_lines": 0, "num_statements": 151, "percent_covered": 0.0, "percent_covered_display": "0", "missing_lines": 151, "excluded_lines": 0}, "missing_lines": [9, 10, 12, 27, 31, 33, 34, 35, 41, 42, 58, 59, 60, 61, 62, 67, 68, 72, 73, 74, 75, 76, 81, 82, 91, 95, 96, 99, 103, 106, 109, 116, 117, 131, 134, 136, 137, 140, 141, 144, 145, 146, 147, 150, 156, 157, 158, 161, 164, 165, 166, 167, 172, 178, 179, 189, 197, 199, 202, 206, 212, 215, 218, 220, 223, 225, 228, 233, 235, 236, 238, 241, 243, 246, 250, 257, 259, 261, 269, 271, 272, 273, 276, 278, 279, 282, 292, 293, 302, 303, 304, 306, 309, 311, 314, 316, 317, 320, 328, 330, 338, 342, 343, 346, 351, 352, 356, 359, 363, 364, 367, 372, 373, 376, 384, 387, 391, 415, 440, 464, 488, 490, 491, 493, 495, 496, 502, 504, 507, 510, 511, 512, 517, 519, 521, 526, 531, 539, 542, 545, 546, 547, 548, 549, 550, 551, 552, 553, 554, 555, 556], "excluded_lines": []}}}, "app/services/lyrics_service.py": {"executed_lines": [1, 19, 21, 22, 23, 25, 27, 28, 29, 30, 31, 32, 40, 43, 44, 58, 60, 67, 68, 74, 104, 108, 117, 118, 123, 129, 131, 132, 134, 135, 140, 146, 147, 148, 153, 159, 160, 162, 165, 167, 169, 176, 179, 181, 189, 191, 207, 208, 210, 237, 238, 242, 251, 262, 263, 264, 266, 277, 278, 289, 290, 300, 302, 304, 305, 306, 308, 309, 311, 325, 326, 328, 329, 333, 335, 349, 350, 356, 384, 386, 388, 389, 390, 392, 393, 397, 399, 406, 411, 413, 419, 424, 426, 453, 454, 455, 456, 458, 460, 461, 464, 467, 468, 469, 470, 472, 476, 478, 485, 487, 511, 512, 514, 516, 518, 519, 529, 530, 531, 536, 540, 543, 544, 545, 550, 566, 583, 585, 586, 587, 588, 590], "summary": {"covered_lines": 130, "num_statements": 148, "percent_covered": 87.83783783783784, "percent_covered_display": "88", "missing_lines": 18, "excluded_lines": 0}, "missing_lines": [109, 114, 243, 248, 252, 257, 267, 272, 279, 284, 292, 295, 297, 331, 520, 524, 554, 560], "excluded_lines": [], "functions": {"LyricsService.__init__": {"executed_lines": [67, 68], "summary": {"covered_lines": 2, "num_statements": 2, "percent_covered": 100.0, "percent_covered_display": "100", "missing_lines": 0, "excluded_lines": 0}, "missing_lines": [], "excluded_lines": []}, "LyricsService.create_lyrics": {"executed_lines": [104, 108, 117, 118, 123, 129, 131, 132, 134, 135, 140, 146, 147, 148, 153, 159, 160, 162, 165, 167, 169, 176, 179, 181, 189], "summary": {"covered_lines": 25, "num_statements": 27, "percent_covered": 92.5925925925926, "percent_covered_display": "93", "missing_lines": 2, "excluded_lines": 0}, "missing_lines": [109, 114], "excluded_lines": []}, "LyricsService.get_lyrics": {"executed_lines": [207, 208], "summary": {"covered_lines": 2, "num_statements": 2, "percent_covered": 100.0, "percent_covered_display": "100", "missing_lines": 0, "excluded_lines": 0}, "missing_lines": [], "excluded_lines": []}, "LyricsService.update_lyrics": {"executed_lines": [237, 238, 242, 251, 262, 263, 264, 266, 277, 278, 289, 290, 300, 302, 304, 305, 306, 308, 309], "summary": {"covered_lines": 19, "num_statements": 30, "percent_covered": 63.333333333333336, "percent_covered_display": "63", "missing_lines": 11, "excluded_lines": 0}, "missing_lines": [243, 248, 252, 257, 267, 272, 279, 284, 292, 295, 297], "excluded_lines": []}, "LyricsService.delete_lyrics": {"executed_lines": [325, 326, 328, 329, 333], "summary": {"covered_lines": 5, "num_statements": 6, "percent_covered": 83.33333333333333, "percent_covered_display": "83", "missing_lines": 1, "excluded_lines": 0}, "missing_lines": [331], "excluded_lines": []}, "LyricsService.get_by_song_id": {"executed_lines": [349, 350], "summary": {"covered_lines": 2, "num_statements": 2, "percent_covered": 100.0, "percent_covered_display": "100", "missing_lines": 0, "excluded_lines": 0}, "missing_lines": [], "excluded_lines": []}, "LyricsService.parse_citations_with_hashes": {"executed_lines": [384, 386, 388, 389, 390, 392, 393, 397, 399, 406, 411, 413, 419, 424], "summary": {"covered_lines": 14, "num_statements": 14, "percent_covered": 100.0, "percent_covered_display": "100", "missing_lines": 0, "excluded_lines": 0}, "missing_lines": [], "excluded_lines": []}, "LyricsService.normalize_source_weights": {"executed_lines": [453, 454, 455, 456, 458, 460, 461, 464, 467, 468, 469, 470, 472, 476, 478, 485], "summary": {"covered_lines": 16, "num_statements": 16, "percent_covered": 100.0, "percent_covered_display": "100", "missing_lines": 0, "excluded_lines": 0}, "missing_lines": [], "excluded_lines": []}, "LyricsService.validate_citations": {"executed_lines": [511, 512, 514, 516, 518, 519, 529, 530, 531, 536, 540, 543, 544, 545, 550], "summary": {"covered_lines": 15, "num_statements": 19, "percent_covered": 78.94736842105263, "percent_covered_display": "79", "missing_lines": 4, "excluded_lines": 0}, "missing_lines": [520, 524, 554, 560], "excluded_lines": []}, "LyricsService._extract_text_from_sections": {"executed_lines": [583, 585, 586, 587, 588, 590], "summary": {"covered_lines": 6, "num_statements": 6, "percent_covered": 100.0, "percent_covered_display": "100", "missing_lines": 0, "excluded_lines": 0}, "missing_lines": [], "excluded_lines": []}, "": {"executed_lines": [1, 19, 21, 22, 23, 25, 27, 28, 29, 30, 31, 32, 40, 43, 44, 58, 60, 74, 191, 210, 311, 335, 356, 426, 487, 566], "summary": {"covered_lines": 24, "num_statements": 24, "percent_covered": 100.0, "percent_covered_display": "100", "missing_lines": 0, "excluded_lines": 0}, "missing_lines": [], "excluded_lines": []}}, "classes": {"LyricsService": {"executed_lines": [67, 68, 104, 108, 117, 118, 123, 129, 131, 132, 134, 135, 140, 146, 147, 148, 153, 159, 160, 162, 165, 167, 169, 176, 179, 181, 189, 207, 208, 237, 238, 242, 251, 262, 263, 264, 266, 277, 278, 289, 290, 300, 302, 304, 305, 306, 308, 309, 325, 326, 328, 329, 333, 349, 350, 384, 386, 388, 389, 390, 392, 393, 397, 399, 406, 411, 413, 419, 424, 453, 454, 455, 456, 458, 460, 461, 464, 467, 468, 469, 470, 472, 476, 478, 485, 511, 512, 514, 516, 518, 519, 529, 530, 531, 536, 540, 543, 544, 545, 550, 583, 585, 586, 587, 588, 590], "summary": {"covered_lines": 106, "num_statements": 124, "percent_covered": 85.48387096774194, "percent_covered_display": "85", "missing_lines": 18, "excluded_lines": 0}, "missing_lines": [109, 114, 243, 248, 252, 257, 267, 272, 279, 284, 292, 295, 297, 331, 520, 524, 554, 560], "excluded_lines": []}, "": {"executed_lines": [1, 19, 21, 22, 23, 25, 27, 28, 29, 30, 31, 32, 40, 43, 44, 58, 60, 74, 191, 210, 311, 335, 356, 426, 487, 566], "summary": {"covered_lines": 24, "num_statements": 24, "percent_covered": 100.0, "percent_covered_display": "100", "missing_lines": 0, "excluded_lines": 0}, "missing_lines": [], "excluded_lines": []}}}, "app/services/persona_service.py": {"executed_lines": [1, 8, 9, 10, 12, 14, 15, 16, 17, 18, 20, 23, 24, 35, 51, 64, 71, 78, 79, 81, 100, 101, 107, 108, 109, 110, 118, 119, 120, 121, 123, 124, 125, 126, 134, 135, 136, 144, 146, 155, 156, 158, 177, 178, 179, 182, 183, 189, 190, 191, 192, 200, 216, 217, 218, 219, 225, 228, 230, 239, 240, 241, 242, 244, 246, 259, 260, 262, 268, 270, 292, 293, 295, 297, 298, 301, 303, 306, 308, 309, 319, 320, 321, 328, 330, 332, 343, 345, 368, 370, 382, 383, 385, 404, 405, 408, 409, 410, 412, 414, 415, 421, 423, 432, 433, 435, 449, 451, 457, 459, 473, 475, 482], "summary": {"covered_lines": 111, "num_statements": 122, "percent_covered": 90.98360655737704, "percent_covered_display": "91", "missing_lines": 11, "excluded_lines": 0}, "missing_lines": [193, 201, 202, 203, 205, 206, 207, 208, 209, 226, 316], "excluded_lines": [], "functions": {"PersonaService.__init__": {"executed_lines": [78, 79], "summary": {"covered_lines": 2, "num_statements": 2, "percent_covered": 100.0, "percent_covered_display": "100", "missing_lines": 0, "excluded_lines": 0}, "missing_lines": [], "excluded_lines": []}, "PersonaService.create_persona": {"executed_lines": [100, 101, 107, 108, 109, 110, 118, 119, 120, 121, 123, 124, 125, 126, 134, 135, 136, 144], "summary": {"covered_lines": 18, "num_statements": 18, "percent_covered": 100.0, "percent_covered_display": "100", "missing_lines": 0, "excluded_lines": 0}, "missing_lines": [], "excluded_lines": []}, "PersonaService.get_persona": {"executed_lines": [155, 156], "summary": {"covered_lines": 2, "num_statements": 2, "percent_covered": 100.0, "percent_covered_display": "100", "missing_lines": 0, "excluded_lines": 0}, "missing_lines": [], "excluded_lines": []}, "PersonaService.update_persona": {"executed_lines": [177, 178, 179, 182, 183, 189, 190, 191, 192, 200, 216, 217, 218, 219, 225, 228], "summary": {"covered_lines": 16, "num_statements": 26, "percent_covered": 61.53846153846154, "percent_covered_display": "62", "missing_lines": 10, "excluded_lines": 0}, "missing_lines": [193, 201, 202, 203, 205, 206, 207, 208, 209, 226], "excluded_lines": []}, "PersonaService.delete_persona": {"executed_lines": [239, 240, 241, 242, 244], "summary": {"covered_lines": 5, "num_statements": 5, "percent_covered": 100.0, "percent_covered_display": "100", "missing_lines": 0, "excluded_lines": 0}, "missing_lines": [], "excluded_lines": []}, "PersonaService.get_by_type": {"executed_lines": [259, 260, 262, 268], "summary": {"covered_lines": 4, "num_statements": 4, "percent_covered": 100.0, "percent_covered_display": "100", "missing_lines": 0, "excluded_lines": 0}, "missing_lines": [], "excluded_lines": []}, "PersonaService.normalize_influences": {"executed_lines": [292, 293, 295, 297, 298, 301, 303, 306, 308, 309, 319, 320, 321, 328, 330], "summary": {"covered_lines": 15, "num_statements": 16, "percent_covered": 93.75, "percent_covered_display": "94", "missing_lines": 1, "excluded_lines": 0}, "missing_lines": [316], "excluded_lines": []}, "PersonaService._genericize_artist": {"executed_lines": [343, 345, 368], "summary": {"covered_lines": 3, "num_statements": 3, "percent_covered": 100.0, "percent_covered_display": "100", "missing_lines": 0, "excluded_lines": 0}, "missing_lines": [], "excluded_lines": []}, "PersonaService.validate_vocal_range": {"executed_lines": [382, 383], "summary": {"covered_lines": 2, "num_statements": 2, "percent_covered": 100.0, "percent_covered_display": "100", "missing_lines": 0, "excluded_lines": 0}, "missing_lines": [], "excluded_lines": []}, "PersonaService.validate_delivery_styles": {"executed_lines": [404, 405, 408, 409, 410, 412, 414, 415, 421], "summary": {"covered_lines": 9, "num_statements": 9, "percent_covered": 100.0, "percent_covered_display": "100", "missing_lines": 0, "excluded_lines": 0}, "missing_lines": [], "excluded_lines": []}, "PersonaService.get_by_name": {"executed_lines": [432, 433], "summary": {"covered_lines": 2, "num_statements": 2, "percent_covered": 100.0, "percent_covered_display": "100", "missing_lines": 0, "excluded_lines": 0}, "missing_lines": [], "excluded_lines": []}, "PersonaService.search_by_influences": {"executed_lines": [449, 451, 457], "summary": {"covered_lines": 3, "num_statements": 3, "percent_covered": 100.0, "percent_covered_display": "100", "missing_lines": 0, "excluded_lines": 0}, "missing_lines": [], "excluded_lines": []}, "PersonaService.get_by_vocal_range": {"executed_lines": [473, 475, 482], "summary": {"covered_lines": 3, "num_statements": 3, "percent_covered": 100.0, "percent_covered_display": "100", "missing_lines": 0, "excluded_lines": 0}, "missing_lines": [], "excluded_lines": []}, "": {"executed_lines": [1, 8, 9, 10, 12, 14, 15, 16, 17, 18, 20, 23, 24, 35, 51, 64, 71, 81, 146, 158, 230, 246, 270, 332, 370, 385, 423, 435, 459], "summary": {"covered_lines": 27, "num_statements": 27, "percent_covered": 100.0, "percent_covered_display": "100", "missing_lines": 0, "excluded_lines": 0}, "missing_lines": [], "excluded_lines": []}}, "classes": {"PersonaService": {"executed_lines": [78, 79, 100, 101, 107, 108, 109, 110, 118, 119, 120, 121, 123, 124, 125, 126, 134, 135, 136, 144, 155, 156, 177, 178, 179, 182, 183, 189, 190, 191, 192, 200, 216, 217, 218, 219, 225, 228, 239, 240, 241, 242, 244, 259, 260, 262, 268, 292, 293, 295, 297, 298, 301, 303, 306, 308, 309, 319, 320, 321, 328, 330, 343, 345, 368, 382, 383, 404, 405, 408, 409, 410, 412, 414, 415, 421, 432, 433, 449, 451, 457, 473, 475, 482], "summary": {"covered_lines": 84, "num_statements": 95, "percent_covered": 88.42105263157895, "percent_covered_display": "88", "missing_lines": 11, "excluded_lines": 0}, "missing_lines": [193, 201, 202, 203, 205, 206, 207, 208, 209, 226, 316], "excluded_lines": []}, "": {"executed_lines": [1, 8, 9, 10, 12, 14, 15, 16, 17, 18, 20, 23, 24, 35, 51, 64, 71, 81, 146, 158, 230, 246, 270, 332, 370, 385, 423, 435, 459], "summary": {"covered_lines": 27, "num_statements": 27, "percent_covered": 100.0, "percent_covered_display": "100", "missing_lines": 0, "excluded_lines": 0}, "missing_lines": [], "excluded_lines": []}}}, "app/services/producer_notes_service.py": {"executed_lines": [1, 8, 9, 10, 12, 14, 15, 16, 17, 22, 23, 25, 28, 34, 46, 47, 48, 49, 51, 66, 67, 68, 69, 71, 89, 90, 91, 92, 95, 96, 103, 104, 107, 115, 117, 118, 120, 128, 130, 141, 143, 144, 146, 148, 165, 166, 167, 168, 173, 174, 175, 179, 187, 189, 190, 192, 198, 200, 209, 211, 212, 214, 216, 225, 227, 233, 235, 246, 248, 249, 255, 257, 272, 273, 276, 278, 279, 285, 288, 290, 298, 303, 305, 320, 321, 322, 325, 326, 333, 334, 335, 336, 342, 348, 350, 361, 367, 373, 375, 392, 395, 396, 400, 408, 409, 415, 416, 418, 419, 425, 426, 433, 439, 441, 456, 457, 461, 464, 467, 469, 470, 479, 487], "summary": {"covered_lines": 121, "num_statements": 131, "percent_covered": 92.36641221374046, "percent_covered_display": "92", "missing_lines": 10, "excluded_lines": 0}, "missing_lines": [176, 180, 291, 323, 397, 401, 406, 410, 411, 458], "excluded_lines": [], "functions": {"ProducerNotesService.__init__": {"executed_lines": [66, 67, 68, 69], "summary": {"covered_lines": 4, "num_statements": 4, "percent_covered": 100.0, "percent_covered_display": "100", "missing_lines": 0, "excluded_lines": 0}, "missing_lines": [], "excluded_lines": []}, "ProducerNotesService.create_producer_notes": {"executed_lines": [89, 90, 91, 92, 95, 96, 103, 104, 107, 115, 117, 118, 120, 128], "summary": {"covered_lines": 14, "num_statements": 14, "percent_covered": 100.0, "percent_covered_display": "100", "missing_lines": 0, "excluded_lines": 0}, "missing_lines": [], "excluded_lines": []}, "ProducerNotesService.get_producer_notes": {"executed_lines": [141, 143, 144, 146], "summary": {"covered_lines": 4, "num_statements": 4, "percent_covered": 100.0, "percent_covered_display": "100", "missing_lines": 0, "excluded_lines": 0}, "missing_lines": [], "excluded_lines": []}, "ProducerNotesService.update_producer_notes": {"executed_lines": [165, 166, 167, 168, 173, 174, 175, 179, 187, 189, 190, 192, 198], "summary": {"covered_lines": 13, "num_statements": 15, "percent_covered": 86.66666666666667, "percent_covered_display": "87", "missing_lines": 2, "excluded_lines": 0}, "missing_lines": [176, 180], "excluded_lines": []}, "ProducerNotesService.delete_producer_notes": {"executed_lines": [209, 211, 212, 214], "summary": {"covered_lines": 4, "num_statements": 4, "percent_covered": 100.0, "percent_covered_display": "100", "missing_lines": 0, "excluded_lines": 0}, "missing_lines": [], "excluded_lines": []}, "ProducerNotesService.get_by_song_id": {"executed_lines": [225, 227, 233], "summary": {"covered_lines": 3, "num_statements": 3, "percent_covered": 100.0, "percent_covered_display": "100", "missing_lines": 0, "excluded_lines": 0}, "missing_lines": [], "excluded_lines": []}, "ProducerNotesService.get_latest_by_song_id": {"executed_lines": [246, 248, 249, 255], "summary": {"covered_lines": 4, "num_statements": 4, "percent_covered": 100.0, "percent_covered_display": "100", "missing_lines": 0, "excluded_lines": 0}, "missing_lines": [], "excluded_lines": []}, "ProducerNotesService.validate_structure": {"executed_lines": [272, 273, 276, 278, 279, 285, 288, 290, 298, 303], "summary": {"covered_lines": 10, "num_statements": 11, "percent_covered": 90.9090909090909, "percent_covered_display": "91", "missing_lines": 1, "excluded_lines": 0}, "missing_lines": [291], "excluded_lines": []}, "ProducerNotesService.validate_mix_settings": {"executed_lines": [320, 321, 322, 325, 326, 333, 334, 335, 336, 342, 348], "summary": {"covered_lines": 11, "num_statements": 12, "percent_covered": 91.66666666666667, "percent_covered_display": "92", "missing_lines": 1, "excluded_lines": 0}, "missing_lines": [323], "excluded_lines": []}, "ProducerNotesService.calculate_total_duration": {"executed_lines": [361, 367, 373], "summary": {"covered_lines": 3, "num_statements": 3, "percent_covered": 100.0, "percent_covered_display": "100", "missing_lines": 0, "excluded_lines": 0}, "missing_lines": [], "excluded_lines": []}, "ProducerNotesService.validate_against_blueprint": {"executed_lines": [392, 395, 396, 400, 408, 409, 415, 416, 418, 419, 425, 426, 433, 439], "summary": {"covered_lines": 14, "num_statements": 19, "percent_covered": 73.6842105263158, "percent_covered_display": "74", "missing_lines": 5, "excluded_lines": 0}, "missing_lines": [397, 401, 406, 410, 411], "excluded_lines": []}, "ProducerNotesService.validate_duration_against_target": {"executed_lines": [456, 457, 461, 464, 467, 469, 470, 479, 487], "summary": {"covered_lines": 9, "num_statements": 10, "percent_covered": 90.0, "percent_covered_display": "90", "missing_lines": 1, "excluded_lines": 0}, "missing_lines": [458], "excluded_lines": []}, "": {"executed_lines": [1, 8, 9, 10, 12, 14, 15, 16, 17, 22, 23, 25, 28, 34, 46, 47, 48, 49, 51, 71, 130, 148, 200, 216, 235, 257, 305, 350, 375, 441], "summary": {"covered_lines": 28, "num_statements": 28, "percent_covered": 100.0, "percent_covered_display": "100", "missing_lines": 0, "excluded_lines": 0}, "missing_lines": [], "excluded_lines": []}}, "classes": {"ProducerNotesService": {"executed_lines": [66, 67, 68, 69, 89, 90, 91, 92, 95, 96, 103, 104, 107, 115, 117, 118, 120, 128, 141, 143, 144, 146, 165, 166, 167, 168, 173, 174, 175, 179, 187, 189, 190, 192, 198, 209, 211, 212, 214, 225, 227, 233, 246, 248, 249, 255, 272, 273, 276, 278, 279, 285, 288, 290, 298, 303, 320, 321, 322, 325, 326, 333, 334, 335, 336, 342, 348, 361, 367, 373, 392, 395, 396, 400, 408, 409, 415, 416, 418, 419, 425, 426, 433, 439, 456, 457, 461, 464, 467, 469, 470, 479, 487], "summary": {"covered_lines": 93, "num_statements": 103, "percent_covered": 90.29126213592232, "percent_covered_display": "90", "missing_lines": 10, "excluded_lines": 0}, "missing_lines": [176, 180, 291, 323, 397, 401, 406, 410, 411, 458], "excluded_lines": []}, "": {"executed_lines": [1, 8, 9, 10, 12, 14, 15, 16, 17, 22, 23, 25, 28, 34, 46, 47, 48, 49, 51, 71, 130, 148, 200, 216, 235, 257, 305, 350, 375, 441], "summary": {"covered_lines": 28, "num_statements": 28, "percent_covered": 100.0, "percent_covered_display": "100", "missing_lines": 0, "excluded_lines": 0}, "missing_lines": [], "excluded_lines": []}}}, "app/services/song_service.py": {"executed_lines": [1, 7, 8, 9, 11, 12, 13, 14, 15, 16, 17, 18, 20, 23, 24, 26, 52, 90, 125, 155, 213, 229], "summary": {"covered_lines": 20, "num_statements": 77, "percent_covered": 25.974025974025974, "percent_covered_display": "26", "missing_lines": 57, "excluded_lines": 0}, "missing_lines": [45, 46, 47, 48, 49, 50, 68, 69, 72, 73, 74, 75, 78, 80, 88, 104, 105, 106, 109, 110, 111, 112, 115, 117, 123, 139, 141, 146, 147, 153, 170, 171, 172, 175, 184, 185, 188, 189, 190, 193, 194, 195, 198, 199, 200, 202, 211, 222, 224, 225, 227, 242, 244, 245, 250, 252, 254], "excluded_lines": [], "functions": {"SongService.__init__": {"executed_lines": [], "summary": {"covered_lines": 0, "num_statements": 6, "percent_covered": 0.0, "percent_covered_display": "0", "missing_lines": 6, "excluded_lines": 0}, "missing_lines": [45, 46, 47, 48, 49, 50], "excluded_lines": []}, "SongService.create_song": {"executed_lines": [], "summary": {"covered_lines": 0, "num_statements": 9, "percent_covered": 0.0, "percent_covered_display": "0", "missing_lines": 9, "excluded_lines": 0}, "missing_lines": [68, 69, 72, 73, 74, 75, 78, 80, 88], "excluded_lines": []}, "SongService.update_song": {"executed_lines": [], "summary": {"covered_lines": 0, "num_statements": 10, "percent_covered": 0.0, "percent_covered_display": "0", "missing_lines": 10, "excluded_lines": 0}, "missing_lines": [104, 105, 106, 109, 110, 111, 112, 115, 117, 123], "excluded_lines": []}, "SongService.update_song_status": {"executed_lines": [], "summary": {"covered_lines": 0, "num_statements": 5, "percent_covered": 0.0, "percent_covered_display": "0", "missing_lines": 5, "excluded_lines": 0}, "missing_lines": [139, 141, 146, 147, 153], "excluded_lines": []}, "SongService.get_song_with_artifacts": {"executed_lines": [], "summary": {"covered_lines": 0, "num_statements": 17, "percent_covered": 0.0, "percent_covered_display": "0", "missing_lines": 17, "excluded_lines": 0}, "missing_lines": [170, 171, 172, 175, 184, 185, 188, 189, 190, 193, 194, 195, 198, 199, 200, 202, 211], "excluded_lines": []}, "SongService.delete_song": {"executed_lines": [], "summary": {"covered_lines": 0, "num_statements": 4, "percent_covered": 0.0, "percent_covered_display": "0", "missing_lines": 4, "excluded_lines": 0}, "missing_lines": [222, 224, 225, 227], "excluded_lines": []}, "SongService.validate_sds": {"executed_lines": [], "summary": {"covered_lines": 0, "num_statements": 6, "percent_covered": 0.0, "percent_covered_display": "0", "missing_lines": 6, "excluded_lines": 0}, "missing_lines": [242, 244, 245, 250, 252, 254], "excluded_lines": []}, "": {"executed_lines": [1, 7, 8, 9, 11, 12, 13, 14, 15, 16, 17, 18, 20, 23, 24, 26, 52, 90, 125, 155, 213, 229], "summary": {"covered_lines": 20, "num_statements": 20, "percent_covered": 100.0, "percent_covered_display": "100", "missing_lines": 0, "excluded_lines": 0}, "missing_lines": [], "excluded_lines": []}}, "classes": {"SongService": {"executed_lines": [], "summary": {"covered_lines": 0, "num_statements": 57, "percent_covered": 0.0, "percent_covered_display": "0", "missing_lines": 57, "excluded_lines": 0}, "missing_lines": [45, 46, 47, 48, 49, 50, 68, 69, 72, 73, 74, 75, 78, 80, 88, 104, 105, 106, 109, 110, 111, 112, 115, 117, 123, 139, 141, 146, 147, 153, 170, 171, 172, 175, 184, 185, 188, 189, 190, 193, 194, 195, 198, 199, 200, 202, 211, 222, 224, 225, 227, 242, 244, 245, 250, 252, 254], "excluded_lines": []}, "": {"executed_lines": [1, 7, 8, 9, 11, 12, 13, 14, 15, 16, 17, 18, 20, 23, 24, 26, 52, 90, 125, 155, 213, 229], "summary": {"covered_lines": 20, "num_statements": 20, "percent_covered": 100.0, "percent_covered_display": "100", "missing_lines": 0, "excluded_lines": 0}, "missing_lines": [], "excluded_lines": []}}}, "app/services/source_service.py": {"executed_lines": [1, 16, 18, 19, 20, 21, 23, 25, 26, 34, 35, 36, 37, 39, 42, 43, 73, 89, 132, 197, 259, 392, 452, 534, 581, 642, 690, 708], "summary": {"covered_lines": 26, "num_statements": 141, "percent_covered": 18.43971631205674, "percent_covered_display": "18", "missing_lines": 115, "excluded_lines": 0}, "missing_lines": [80, 81, 82, 83, 107, 122, 124, 130, 160, 161, 164, 165, 166, 167, 168, 171, 172, 173, 174, 176, 177, 181, 187, 189, 195, 228, 229, 231, 232, 234, 244, 246, 253, 303, 304, 305, 308, 309, 312, 313, 317, 318, 321, 330, 331, 332, 338, 339, 341, 349, 352, 353, 354, 360, 369, 372, 379, 390, 420, 421, 426, 429, 430, 435, 444, 450, 494, 497, 498, 499, 500, 501, 506, 509, 510, 511, 512, 513, 514, 516, 517, 518, 523, 526, 532, 555, 556, 559, 565, 567, 575, 604, 605, 608, 609, 611, 613, 625, 627, 636, 661, 663, 664, 668, 669, 672, 678, 680, 688, 702, 703, 704, 706, 714, 715], "excluded_lines": [], "functions": {"SourceService.__init__": {"executed_lines": [], "summary": {"covered_lines": 0, "num_statements": 4, "percent_covered": 0.0, "percent_covered_display": "0", "missing_lines": 4, "excluded_lines": 0}, "missing_lines": [80, 81, 82, 83], "excluded_lines": []}, "SourceService.discover_mcp_servers": {"executed_lines": [], "summary": {"covered_lines": 0, "num_statements": 4, "percent_covered": 0.0, "percent_covered_display": "0", "missing_lines": 4, "excluded_lines": 0}, "missing_lines": [107, 122, 124, 130], "excluded_lines": []}, "SourceService.validate_mcp_scopes": {"executed_lines": [], "summary": {"covered_lines": 0, "num_statements": 17, "percent_covered": 0.0, "percent_covered_display": "0", "missing_lines": 17, "excluded_lines": 0}, "missing_lines": [160, 161, 164, 165, 166, 167, 168, 171, 172, 173, 174, 176, 177, 181, 187, 189, 195], "excluded_lines": []}, "SourceService.create_mcp_mock_server": {"executed_lines": [], "summary": {"covered_lines": 0, "num_statements": 8, "percent_covered": 0.0, "percent_covered_display": "0", "missing_lines": 8, "excluded_lines": 0}, "missing_lines": [228, 229, 231, 232, 234, 244, 246, 253], "excluded_lines": []}, "SourceService.retrieve_chunks": {"executed_lines": [], "summary": {"covered_lines": 0, "num_statements": 25, "percent_covered": 0.0, "percent_covered_display": "0", "missing_lines": 25, "excluded_lines": 0}, "missing_lines": [303, 304, 305, 308, 309, 312, 313, 317, 318, 321, 330, 331, 332, 338, 339, 341, 349, 352, 353, 354, 360, 369, 372, 379, 390], "excluded_lines": []}, "SourceService.retrieve_by_hash": {"executed_lines": [], "summary": {"covered_lines": 0, "num_statements": 8, "percent_covered": 0.0, "percent_covered_display": "0", "missing_lines": 8, "excluded_lines": 0}, "missing_lines": [420, 421, 426, 429, 430, 435, 444, 450], "excluded_lines": []}, "SourceService.validate_allow_deny_lists": {"executed_lines": [], "summary": {"covered_lines": 0, "num_statements": 19, "percent_covered": 0.0, "percent_covered_display": "0", "missing_lines": 19, "excluded_lines": 0}, "missing_lines": [494, 497, 498, 499, 500, 501, 506, 509, 510, 511, 512, 513, 514, 516, 517, 518, 523, 526, 532], "excluded_lines": []}, "SourceService.normalize_source_weights": {"executed_lines": [], "summary": {"covered_lines": 0, "num_statements": 6, "percent_covered": 0.0, "percent_covered_display": "0", "missing_lines": 6, "excluded_lines": 0}, "missing_lines": [555, 556, 559, 565, 567, 575], "excluded_lines": []}, "SourceService._query_mcp_server": {"executed_lines": [], "summary": {"covered_lines": 0, "num_statements": 9, "percent_covered": 0.0, "percent_covered_display": "0", "missing_lines": 9, "excluded_lines": 0}, "missing_lines": [604, 605, 608, 609, 611, 613, 625, 627, 636], "excluded_lines": []}, "SourceService.create_source": {"executed_lines": [], "summary": {"covered_lines": 0, "num_statements": 9, "percent_covered": 0.0, "percent_covered_display": "0", "missing_lines": 9, "excluded_lines": 0}, "missing_lines": [661, 663, 664, 668, 669, 672, 678, 680, 688], "excluded_lines": []}, "SourceService.get_source": {"executed_lines": [], "summary": {"covered_lines": 0, "num_statements": 4, "percent_covered": 0.0, "percent_covered_display": "0", "missing_lines": 4, "excluded_lines": 0}, "missing_lines": [702, 703, 704, 706], "excluded_lines": []}, "SourceService.list_active_sources": {"executed_lines": [], "summary": {"covered_lines": 0, "num_statements": 2, "percent_covered": 0.0, "percent_covered_display": "0", "missing_lines": 2, "excluded_lines": 0}, "missing_lines": [714, 715], "excluded_lines": []}, "": {"executed_lines": [1, 16, 18, 19, 20, 21, 23, 25, 26, 34, 35, 36, 37, 39, 42, 43, 73, 89, 132, 197, 259, 392, 452, 534, 581, 642, 690, 708], "summary": {"covered_lines": 26, "num_statements": 26, "percent_covered": 100.0, "percent_covered_display": "100", "missing_lines": 0, "excluded_lines": 0}, "missing_lines": [], "excluded_lines": []}}, "classes": {"SourceService": {"executed_lines": [], "summary": {"covered_lines": 0, "num_statements": 115, "percent_covered": 0.0, "percent_covered_display": "0", "missing_lines": 115, "excluded_lines": 0}, "missing_lines": [80, 81, 82, 83, 107, 122, 124, 130, 160, 161, 164, 165, 166, 167, 168, 171, 172, 173, 174, 176, 177, 181, 187, 189, 195, 228, 229, 231, 232, 234, 244, 246, 253, 303, 304, 305, 308, 309, 312, 313, 317, 318, 321, 330, 331, 332, 338, 339, 341, 349, 352, 353, 354, 360, 369, 372, 379, 390, 420, 421, 426, 429, 430, 435, 444, 450, 494, 497, 498, 499, 500, 501, 506, 509, 510, 511, 512, 513, 514, 516, 517, 518, 523, 526, 532, 555, 556, 559, 565, 567, 575, 604, 605, 608, 609, 611, 613, 625, 627, 636, 661, 663, 664, 668, 669, 672, 678, 680, 688, 702, 703, 704, 706, 714, 715], "excluded_lines": []}, "": {"executed_lines": [1, 16, 18, 19, 20, 21, 23, 25, 26, 34, 35, 36, 37, 39, 42, 43, 73, 89, 132, 197, 259, 392, 452, 534, 581, 642, 690, 708], "summary": {"covered_lines": 26, "num_statements": 26, "percent_covered": 100.0, "percent_covered_display": "100", "missing_lines": 0, "excluded_lines": 0}, "missing_lines": [], "excluded_lines": []}}}, "app/services/style_service.py": {"executed_lines": [1, 7, 8, 9, 11, 12, 13, 14, 16, 19, 20, 22, 33, 34, 36, 71, 85, 86, 90, 91, 93, 94, 97, 98, 99, 101, 102, 105, 107, 113, 115, 131, 142, 163, 164, 171, 177, 178, 179, 188, 190, 208, 209, 211, 214, 215, 221, 222, 227], "summary": {"covered_lines": 47, "num_statements": 65, "percent_covered": 72.3076923076923, "percent_covered_display": "72", "missing_lines": 18, "excluded_lines": 0}, "missing_lines": [52, 53, 56, 57, 60, 62, 69, 87, 124, 126, 127, 129, 140, 165, 180, 181, 182, 183], "excluded_lines": [], "functions": {"StyleService.__init__": {"executed_lines": [33, 34], "summary": {"covered_lines": 2, "num_statements": 2, "percent_covered": 100.0, "percent_covered_display": "100", "missing_lines": 0, "excluded_lines": 0}, "missing_lines": [], "excluded_lines": []}, "StyleService.create_style": {"executed_lines": [], "summary": {"covered_lines": 0, "num_statements": 7, "percent_covered": 0.0, "percent_covered_display": "0", "missing_lines": 7, "excluded_lines": 0}, "missing_lines": [52, 53, 56, 57, 60, 62, 69], "excluded_lines": []}, "StyleService.update_style": {"executed_lines": [85, 86, 90, 91, 93, 94, 97, 98, 99, 101, 102, 105, 107, 113], "summary": {"covered_lines": 14, "num_statements": 15, "percent_covered": 93.33333333333333, "percent_covered_display": "93", "missing_lines": 1, "excluded_lines": 0}, "missing_lines": [87], "excluded_lines": []}, "StyleService.delete_style": {"executed_lines": [], "summary": {"covered_lines": 0, "num_statements": 4, "percent_covered": 0.0, "percent_covered_display": "0", "missing_lines": 4, "excluded_lines": 0}, "missing_lines": [124, 126, 127, 129], "excluded_lines": []}, "StyleService.get_by_genre": {"executed_lines": [], "summary": {"covered_lines": 0, "num_statements": 1, "percent_covered": 0.0, "percent_covered_display": "0", "missing_lines": 1, "excluded_lines": 0}, "missing_lines": [140], "excluded_lines": []}, "StyleService._validate_tag_conflicts": {"executed_lines": [163, 164, 171, 177, 178, 179, 188], "summary": {"covered_lines": 7, "num_statements": 12, "percent_covered": 58.333333333333336, "percent_covered_display": "58", "missing_lines": 5, "excluded_lines": 0}, "missing_lines": [165, 180, 181, 182, 183], "excluded_lines": []}, "StyleService._validate_energy_tempo_coherence": {"executed_lines": [208, 209, 211, 214, 215, 221, 222, 227], "summary": {"covered_lines": 8, "num_statements": 8, "percent_covered": 100.0, "percent_covered_display": "100", "missing_lines": 0, "excluded_lines": 0}, "missing_lines": [], "excluded_lines": []}, "": {"executed_lines": [1, 7, 8, 9, 11, 12, 13, 14, 16, 19, 20, 22, 36, 71, 115, 131, 142, 190], "summary": {"covered_lines": 16, "num_statements": 16, "percent_covered": 100.0, "percent_covered_display": "100", "missing_lines": 0, "excluded_lines": 0}, "missing_lines": [], "excluded_lines": []}}, "classes": {"StyleService": {"executed_lines": [33, 34, 85, 86, 90, 91, 93, 94, 97, 98, 99, 101, 102, 105, 107, 113, 163, 164, 171, 177, 178, 179, 188, 208, 209, 211, 214, 215, 221, 222, 227], "summary": {"covered_lines": 31, "num_statements": 49, "percent_covered": 63.265306122448976, "percent_covered_display": "63", "missing_lines": 18, "excluded_lines": 0}, "missing_lines": [52, 53, 56, 57, 60, 62, 69, 87, 124, 126, 127, 129, 140, 165, 180, 181, 182, 183], "excluded_lines": []}, "": {"executed_lines": [1, 7, 8, 9, 11, 12, 13, 14, 16, 19, 20, 22, 36, 71, 115, 131, 142, 190], "summary": {"covered_lines": 16, "num_statements": 16, "percent_covered": 100.0, "percent_covered_display": "100", "missing_lines": 0, "excluded_lines": 0}, "missing_lines": [], "excluded_lines": []}}}, "app/services/validation_service.py": {"executed_lines": [1, 7, 8, 9, 10, 11, 13, 16, 17, 23, 29, 30, 31, 37, 44, 45, 47, 55, 66, 67, 68, 69, 70, 71, 72, 90, 104, 105, 107, 110, 113, 115, 116, 117, 119, 120, 121, 122, 124, 126, 128, 139, 143, 144, 145, 147, 148, 153, 155, 156, 162, 171, 175, 176, 177, 179, 180, 185, 187, 188, 194, 203, 207, 208, 209, 211, 212, 217, 219, 220, 226, 235, 239, 240, 241, 243, 251, 252, 258, 267, 271, 272, 273, 275, 276, 281, 283, 284, 290, 299, 303, 304, 305, 307, 315, 316, 322, 331, 335, 336, 337, 339, 347, 348, 354, 363, 367, 368, 369, 371, 372, 377, 379, 380], "summary": {"covered_lines": 112, "num_statements": 164, "percent_covered": 68.29268292682927, "percent_covered_display": "68", "missing_lines": 52, "excluded_lines": 0}, "missing_lines": [48, 53, 77, 78, 84, 118, 140, 141, 158, 159, 160, 172, 173, 190, 191, 192, 204, 205, 222, 223, 224, 236, 237, 244, 249, 254, 255, 256, 268, 269, 286, 287, 288, 300, 301, 308, 313, 318, 319, 320, 332, 333, 340, 345, 350, 351, 352, 364, 365, 382, 383, 384], "excluded_lines": [], "functions": {"ValidationService.__init__": {"executed_lines": [29, 30, 31], "summary": {"covered_lines": 3, "num_statements": 3, "percent_covered": 100.0, "percent_covered_display": "100", "missing_lines": 0, "excluded_lines": 0}, "missing_lines": [], "excluded_lines": []}, "ValidationService._load_schemas": {"executed_lines": [44, 45, 47, 55, 66, 67, 68, 69, 70, 71, 72], "summary": {"covered_lines": 11, "num_statements": 16, "percent_covered": 68.75, "percent_covered_display": "69", "missing_lines": 5, "excluded_lines": 0}, "missing_lines": [48, 53, 77, 78, 84], "excluded_lines": []}, "ValidationService._format_validation_errors": {"executed_lines": [104, 105, 107, 110, 113, 115, 116, 117, 119, 120, 121, 122, 124, 126], "summary": {"covered_lines": 14, "num_statements": 15, "percent_covered": 93.33333333333333, "percent_covered_display": "93", "missing_lines": 1, "excluded_lines": 0}, "missing_lines": [118], "excluded_lines": []}, "ValidationService.validate_sds": {"executed_lines": [139, 143, 144, 145, 147, 148, 153, 155, 156], "summary": {"covered_lines": 9, "num_statements": 14, "percent_covered": 64.28571428571429, "percent_covered_display": "64", "missing_lines": 5, "excluded_lines": 0}, "missing_lines": [140, 141, 158, 159, 160], "excluded_lines": []}, "ValidationService.validate_style": {"executed_lines": [171, 175, 176, 177, 179, 180, 185, 187, 188], "summary": {"covered_lines": 9, "num_statements": 14, "percent_covered": 64.28571428571429, "percent_covered_display": "64", "missing_lines": 5, "excluded_lines": 0}, "missing_lines": [172, 173, 190, 191, 192], "excluded_lines": []}, "ValidationService.validate_lyrics": {"executed_lines": [203, 207, 208, 209, 211, 212, 217, 219, 220], "summary": {"covered_lines": 9, "num_statements": 14, "percent_covered": 64.28571428571429, "percent_covered_display": "64", "missing_lines": 5, "excluded_lines": 0}, "missing_lines": [204, 205, 222, 223, 224], "excluded_lines": []}, "ValidationService.validate_producer_notes": {"executed_lines": [235, 239, 240, 241, 243, 251, 252], "summary": {"covered_lines": 7, "num_statements": 14, "percent_covered": 50.0, "percent_covered_display": "50", "missing_lines": 7, "excluded_lines": 0}, "missing_lines": [236, 237, 244, 249, 254, 255, 256], "excluded_lines": []}, "ValidationService.validate_composed_prompt": {"executed_lines": [267, 271, 272, 273, 275, 276, 281, 283, 284], "summary": {"covered_lines": 9, "num_statements": 14, "percent_covered": 64.28571428571429, "percent_covered_display": "64", "missing_lines": 5, "excluded_lines": 0}, "missing_lines": [268, 269, 286, 287, 288], "excluded_lines": []}, "ValidationService.validate_blueprint": {"executed_lines": [299, 303, 304, 305, 307, 315, 316], "summary": {"covered_lines": 7, "num_statements": 14, "percent_covered": 50.0, "percent_covered_display": "50", "missing_lines": 7, "excluded_lines": 0}, "missing_lines": [300, 301, 308, 313, 318, 319, 320], "excluded_lines": []}, "ValidationService.validate_persona": {"executed_lines": [331, 335, 336, 337, 339, 347, 348], "summary": {"covered_lines": 7, "num_statements": 14, "percent_covered": 50.0, "percent_covered_display": "50", "missing_lines": 7, "excluded_lines": 0}, "missing_lines": [332, 333, 340, 345, 350, 351, 352], "excluded_lines": []}, "ValidationService.validate_source": {"executed_lines": [363, 367, 368, 369, 371, 372, 377, 379, 380], "summary": {"covered_lines": 9, "num_statements": 14, "percent_covered": 64.28571428571429, "percent_covered_display": "64", "missing_lines": 5, "excluded_lines": 0}, "missing_lines": [364, 365, 382, 383, 384], "excluded_lines": []}, "": {"executed_lines": [1, 7, 8, 9, 10, 11, 13, 16, 17, 23, 37, 90, 128, 162, 194, 226, 258, 290, 322, 354], "summary": {"covered_lines": 18, "num_statements": 18, "percent_covered": 100.0, "percent_covered_display": "100", "missing_lines": 0, "excluded_lines": 0}, "missing_lines": [], "excluded_lines": []}}, "classes": {"ValidationService": {"executed_lines": [29, 30, 31, 44, 45, 47, 55, 66, 67, 68, 69, 70, 71, 72, 104, 105, 107, 110, 113, 115, 116, 117, 119, 120, 121, 122, 124, 126, 139, 143, 144, 145, 147, 148, 153, 155, 156, 171, 175, 176, 177, 179, 180, 185, 187, 188, 203, 207, 208, 209, 211, 212, 217, 219, 220, 235, 239, 240, 241, 243, 251, 252, 267, 271, 272, 273, 275, 276, 281, 283, 284, 299, 303, 304, 305, 307, 315, 316, 331, 335, 336, 337, 339, 347, 348, 363, 367, 368, 369, 371, 372, 377, 379, 380], "summary": {"covered_lines": 94, "num_statements": 146, "percent_covered": 64.38356164383562, "percent_covered_display": "64", "missing_lines": 52, "excluded_lines": 0}, "missing_lines": [48, 53, 77, 78, 84, 118, 140, 141, 158, 159, 160, 172, 173, 190, 191, 192, 204, 205, 222, 223, 224, 236, 237, 244, 249, 254, 255, 256, 268, 269, 286, 287, 288, 300, 301, 308, 313, 318, 319, 320, 332, 333, 340, 345, 350, 351, 352, 364, 365, 382, 383, 384], "excluded_lines": []}, "": {"executed_lines": [1, 7, 8, 9, 10, 11, 13, 16, 17, 23, 37, 90, 128, 162, 194, 226, 258, 290, 322, 354], "summary": {"covered_lines": 18, "num_statements": 18, "percent_covered": 100.0, "percent_covered_display": "100", "missing_lines": 0, "excluded_lines": 0}, "missing_lines": [], "excluded_lines": []}}}, "app/services/workflow_run_service.py": {"executed_lines": [1, 7, 8, 9, 11, 12, 18, 20, 23, 24, 26, 34, 54, 79, 123, 162, 170, 178, 216], "summary": {"covered_lines": 17, "num_statements": 62, "percent_covered": 27.419354838709676, "percent_covered_display": "27", "missing_lines": 45, "excluded_lines": 0}, "missing_lines": [32, 43, 45, 52, 68, 70, 71, 77, 96, 97, 98, 101, 102, 105, 106, 114, 121, 138, 139, 140, 143, 144, 147, 148, 153, 160, 168, 176, 193, 194, 195, 198, 199, 207, 214, 231, 232, 233, 236, 237, 240, 241, 243, 245, 252], "excluded_lines": [], "functions": {"WorkflowRunService.__init__": {"executed_lines": [], "summary": {"covered_lines": 0, "num_statements": 1, "percent_covered": 0.0, "percent_covered_display": "0", "missing_lines": 1, "excluded_lines": 0}, "missing_lines": [32], "excluded_lines": []}, "WorkflowRunService.create_run": {"executed_lines": [], "summary": {"covered_lines": 0, "num_statements": 3, "percent_covered": 0.0, "percent_covered_display": "0", "missing_lines": 3, "excluded_lines": 0}, "missing_lines": [43, 45, 52], "excluded_lines": []}, "WorkflowRunService.update_run": {"executed_lines": [], "summary": {"covered_lines": 0, "num_statements": 4, "percent_covered": 0.0, "percent_covered_display": "0", "missing_lines": 4, "excluded_lines": 0}, "missing_lines": [68, 70, 71, 77], "excluded_lines": []}, "WorkflowRunService.update_node_output": {"executed_lines": [], "summary": {"covered_lines": 0, "num_statements": 9, "percent_covered": 0.0, "percent_covered_display": "0", "missing_lines": 9, "excluded_lines": 0}, "missing_lines": [96, 97, 98, 101, 102, 105, 106, 114, 121], "excluded_lines": []}, "WorkflowRunService.add_event": {"executed_lines": [], "summary": {"covered_lines": 0, "num_statements": 9, "percent_covered": 0.0, "percent_covered_display": "0", "missing_lines": 9, "excluded_lines": 0}, "missing_lines": [138, 139, 140, 143, 144, 147, 148, 153, 160], "excluded_lines": []}, "WorkflowRunService.get_active_runs": {"executed_lines": [], "summary": {"covered_lines": 0, "num_statements": 1, "percent_covered": 0.0, "percent_covered_display": "0", "missing_lines": 1, "excluded_lines": 0}, "missing_lines": [168], "excluded_lines": []}, "WorkflowRunService.get_failed_runs": {"executed_lines": [], "summary": {"covered_lines": 0, "num_statements": 1, "percent_covered": 0.0, "percent_covered_display": "0", "missing_lines": 1, "excluded_lines": 0}, "missing_lines": [176], "excluded_lines": []}, "WorkflowRunService.fail_run": {"executed_lines": [], "summary": {"covered_lines": 0, "num_statements": 7, "percent_covered": 0.0, "percent_covered_display": "0", "missing_lines": 7, "excluded_lines": 0}, "missing_lines": [193, 194, 195, 198, 199, 207, 214], "excluded_lines": []}, "WorkflowRunService.complete_run": {"executed_lines": [], "summary": {"covered_lines": 0, "num_statements": 10, "percent_covered": 0.0, "percent_covered_display": "0", "missing_lines": 10, "excluded_lines": 0}, "missing_lines": [231, 232, 233, 236, 237, 240, 241, 243, 245, 252], "excluded_lines": []}, "": {"executed_lines": [1, 7, 8, 9, 11, 12, 18, 20, 23, 24, 26, 34, 54, 79, 123, 162, 170, 178, 216], "summary": {"covered_lines": 17, "num_statements": 17, "percent_covered": 100.0, "percent_covered_display": "100", "missing_lines": 0, "excluded_lines": 0}, "missing_lines": [], "excluded_lines": []}}, "classes": {"WorkflowRunService": {"executed_lines": [], "summary": {"covered_lines": 0, "num_statements": 45, "percent_covered": 0.0, "percent_covered_display": "0", "missing_lines": 45, "excluded_lines": 0}, "missing_lines": [32, 43, 45, 52, 68, 70, 71, 77, 96, 97, 98, 101, 102, 105, 106, 114, 121, 138, 139, 140, 143, 144, 147, 148, 153, 160, 168, 176, 193, 194, 195, 198, 199, 207, 214, 231, 232, 233, 236, 237, 240, 241, 243, 245, 252], "excluded_lines": []}, "": {"executed_lines": [1, 7, 8, 9, 11, 12, 18, 20, 23, 24, 26, 34, 54, 79, 123, 162, 170, 178, 216], "summary": {"covered_lines": 17, "num_statements": 17, "percent_covered": 100.0, "percent_covered_display": "100", "missing_lines": 0, "excluded_lines": 0}, "missing_lines": [], "excluded_lines": []}}}, "app/services/workflow_service.py": {"executed_lines": [], "summary": {"covered_lines": 0, "num_statements": 74, "percent_covered": 0.0, "percent_covered_display": "0", "missing_lines": 74, "excluded_lines": 0}, "missing_lines": [7, 9, 10, 11, 13, 14, 16, 17, 18, 19, 20, 21, 23, 26, 36, 53, 54, 55, 56, 57, 60, 67, 87, 90, 102, 103, 104, 106, 115, 127, 129, 138, 141, 149, 151, 154, 166, 173, 175, 177, 189, 196, 198, 207, 208, 209, 212, 215, 217, 242, 251, 252, 253, 256, 257, 261, 264, 272, 274, 276, 288, 289, 290, 291, 292, 295, 296, 299, 307, 313, 315, 321, 323, 332], "excluded_lines": [], "functions": {"WorkflowService.__init__": {"executed_lines": [], "summary": {"covered_lines": 0, "num_statements": 6, "percent_covered": 0.0, "percent_covered_display": "0", "missing_lines": 6, "excluded_lines": 0}, "missing_lines": [53, 54, 55, 56, 57, 60], "excluded_lines": []}, "WorkflowService.create_run": {"executed_lines": [], "summary": {"covered_lines": 0, "num_statements": 8, "percent_covered": 0.0, "percent_covered_display": "0", "missing_lines": 8, "excluded_lines": 0}, "missing_lines": [87, 90, 102, 103, 104, 106, 115, 127], "excluded_lines": []}, "WorkflowService.execute_run": {"executed_lines": [], "summary": {"covered_lines": 0, "num_statements": 11, "percent_covered": 0.0, "percent_covered_display": "0", "missing_lines": 11, "excluded_lines": 0}, "missing_lines": [138, 141, 149, 151, 154, 166, 173, 175, 177, 189, 196], "excluded_lines": []}, "WorkflowService.get_run_status": {"executed_lines": [], "summary": {"covered_lines": 0, "num_statements": 6, "percent_covered": 0.0, "percent_covered_display": "0", "missing_lines": 6, "excluded_lines": 0}, "missing_lines": [207, 208, 209, 212, 215, 217], "excluded_lines": []}, "WorkflowService.cancel_run": {"executed_lines": [], "summary": {"covered_lines": 0, "num_statements": 9, "percent_covered": 0.0, "percent_covered_display": "0", "missing_lines": 9, "excluded_lines": 0}, "missing_lines": [251, 252, 253, 256, 257, 261, 264, 272, 274], "excluded_lines": []}, "WorkflowService.retry_run": {"executed_lines": [], "summary": {"covered_lines": 0, "num_statements": 10, "percent_covered": 0.0, "percent_covered_display": "0", "missing_lines": 10, "excluded_lines": 0}, "missing_lines": [288, 289, 290, 291, 292, 295, 296, 299, 307, 313], "excluded_lines": []}, "WorkflowService.get_active_runs": {"executed_lines": [], "summary": {"covered_lines": 0, "num_statements": 1, "percent_covered": 0.0, "percent_covered_display": "0", "missing_lines": 1, "excluded_lines": 0}, "missing_lines": [321], "excluded_lines": []}, "WorkflowService.get_failed_runs": {"executed_lines": [], "summary": {"covered_lines": 0, "num_statements": 1, "percent_covered": 0.0, "percent_covered_display": "0", "missing_lines": 1, "excluded_lines": 0}, "missing_lines": [332], "excluded_lines": []}, "": {"executed_lines": [], "summary": {"covered_lines": 0, "num_statements": 22, "percent_covered": 0.0, "percent_covered_display": "0", "missing_lines": 22, "excluded_lines": 0}, "missing_lines": [7, 9, 10, 11, 13, 14, 16, 17, 18, 19, 20, 21, 23, 26, 36, 67, 129, 198, 242, 276, 315, 323], "excluded_lines": []}}, "classes": {"WorkflowService": {"executed_lines": [], "summary": {"covered_lines": 0, "num_statements": 52, "percent_covered": 0.0, "percent_covered_display": "0", "missing_lines": 52, "excluded_lines": 0}, "missing_lines": [53, 54, 55, 56, 57, 60, 87, 90, 102, 103, 104, 106, 115, 127, 138, 141, 149, 151, 154, 166, 173, 175, 177, 189, 196, 207, 208, 209, 212, 215, 217, 251, 252, 253, 256, 257, 261, 264, 272, 274, 288, 289, 290, 291, 292, 295, 296, 299, 307, 313, 321, 332], "excluded_lines": []}, "": {"executed_lines": [], "summary": {"covered_lines": 0, "num_statements": 22, "percent_covered": 0.0, "percent_covered_display": "0", "missing_lines": 22, "excluded_lines": 0}, "missing_lines": [7, 9, 10, 11, 13, 14, 16, 17, 18, 19, 20, 21, 23, 26, 36, 67, 129, 198, 242, 276, 315, 323], "excluded_lines": []}}}}, "totals": {"covered_lines": 994, "num_statements": 1752, "percent_covered": 56.7351598173516, "percent_covered_display": "57", "missing_lines": 758, "excluded_lines": 0}}